Log file open, 11/23/21 16:59:08
LogWindows: Failed to load 'aqProf.dll' (GetLastError=126)
LogWindows: File 'aqProf.dll' does not exist
LogWindows: Failed to load 'VtuneApi.dll' (GetLastError=126)
LogWindows: File 'VtuneApi.dll' does not exist
LogWindows: Failed to load 'VtuneApi32e.dll' (GetLastError=126)
LogWindows: File 'VtuneApi32e.dll' does not exist
LogConsoleResponse: Display: Failed to find resolution value strings in scalability ini. Falling back to default.
LogConsoleResponse: Display: Failed to find resolution value strings in scalability ini. Falling back to default.
LogInit: Display: Running engine for game: GameOffDOA
LogPlatformFile: Not using cached read wrapper
LogTaskGraph: Started task graph with 5 named threads and 35 total threads with 3 sets of task threads.
LogStats: Stats thread started at 0.279824
LogICUInternationalization: ICU TimeZone Detection - Raw Offset: -8:00, Platform Override: ''
LogInit: Display: Loading text-based GConfig....
LogPluginManager: Mounting plugin MeshPainting
LogPluginManager: Mounting plugin XGEController
LogPluginManager: Mounting plugin Paper2D
LogPluginManager: Mounting plugin LiveLink
LogPluginManager: Mounting plugin OodleData
LogPluginManager: Mounting plugin CameraShakePreviewer
LogPluginManager: Mounting plugin GameplayCameras
LogPluginManager: Mounting plugin OodleNetwork
LogPluginManager: Mounting plugin AssetManagerEditor
LogPluginManager: Mounting plugin DataValidation
LogPluginManager: Mounting plugin CurveEditorTools
LogPluginManager: Mounting plugin CryptoKeys
LogPluginManager: Mounting plugin FacialAnimation
LogPluginManager: Mounting plugin GameplayTagsEditor
LogPluginManager: Mounting plugin GeometryMode
LogPluginManager: Mounting plugin MacGraphicsSwitching
LogPluginManager: Mounting plugin MobileLauncherProfileWizard
LogPluginManager: Mounting plugin MaterialAnalyzer
LogPluginManager: Mounting plugin PluginBrowser
LogPluginManager: Mounting plugin SpeedTreeImporter
LogPluginManager: Mounting plugin CLionSourceCodeAccess
LogPluginManager: Mounting plugin CodeLiteSourceCodeAccess
LogPluginManager: Mounting plugin AnimationSharing
LogPluginManager: Mounting plugin GitSourceControl
LogPluginManager: Mounting plugin KDevelopSourceCodeAccess
LogPluginManager: Mounting plugin NullSourceCodeAccess
LogPluginManager: Mounting plugin PluginUtils
LogPluginManager: Mounting plugin PlasticSourceControl
LogPluginManager: Mounting plugin PixWinPlugin
LogPluginManager: Mounting plugin RiderSourceCodeAccess
LogPluginManager: Mounting plugin PropertyAccessNode
LogPluginManager: Mounting plugin SubversionSourceControl
LogPluginManager: Mounting plugin PerforceSourceControl
LogPluginManager: Mounting plugin TextureFormatOodle
LogPluginManager: Mounting plugin VisualStudioSourceCodeAccess
LogPluginManager: Mounting plugin VisualStudioCodeSourceCodeAccess
LogPluginManager: Mounting plugin XCodeSourceCodeAccess
LogPluginManager: Mounting plugin UObjectPlugin
LogPluginManager: Mounting plugin DatasmithContent
LogPluginManager: Mounting plugin VariantManagerContent
LogPluginManager: Mounting plugin Niagara
LogPluginManager: Mounting plugin LuminPlatformFeatures
LogPluginManager: Mounting plugin MagicLeap
LogPluginManager: Mounting plugin MagicLeapLightEstimation
LogPluginManager: Mounting plugin MagicLeapMedia
LogPluginManager: Mounting plugin MagicLeapPassableWorld
LogPluginManager: Mounting plugin MLSDK
LogPluginManager: Mounting plugin AlembicImporter
LogPluginManager: Mounting plugin AutomationUtils
LogPluginManager: Mounting plugin BackChannel
LogPluginManager: Mounting plugin ChaosCloth
LogPluginManager: Mounting plugin ChaosEditor
LogPluginManager: Mounting plugin ChaosClothEditor
LogPluginManager: Mounting plugin ChaosSolverPlugin
LogPluginManager: Mounting plugin ChaosNiagara
LogPluginManager: Mounting plugin CharacterAI
LogPluginManager: Mounting plugin GeometryCache
LogPluginManager: Mounting plugin TcpMessaging
LogPluginManager: Mounting plugin GeometryCollectionPlugin
LogPluginManager: Mounting plugin MatineeToLevelSequence
LogPluginManager: Mounting plugin ActorSequence
LogPluginManager: Mounting plugin UdpMessaging
LogPluginManager: Mounting plugin LevelSequenceEditor
LogPluginManager: Mounting plugin TemplateSequence
LogPluginManager: Mounting plugin GeometryProcessing
LogPluginManager: Mounting plugin AndroidMedia
LogPluginManager: Mounting plugin AvfMedia
LogPluginManager: Mounting plugin OpenImageDenoise
LogPluginManager: Mounting plugin MotoSynth
LogPluginManager: Mounting plugin PlanarCut
LogPluginManager: Mounting plugin PlatformCrypto
LogPluginManager: Mounting plugin ProxyLODPlugin
LogPluginManager: Mounting plugin OnlineSubsystem
LogPluginManager: Mounting plugin PythonScriptPlugin
LogPluginManager: Mounting plugin OnlineSubsystemNull
LogPluginManager: Mounting plugin LauncherChunkInstaller
LogPluginManager: Mounting plugin ImgMedia
LogPluginManager: Mounting plugin OnlineSubsystemUtils
LogPluginManager: Mounting plugin SkeletalReduction
LogPluginManager: Mounting plugin MediaCompositing
LogPluginManager: Mounting plugin MediaPlayerEditor
LogPluginManager: Mounting plugin WebMMedia
LogPluginManager: Mounting plugin WmfMedia
LogPluginManager: Mounting plugin AndroidDeviceProfileSelector
LogPluginManager: Mounting plugin AndroidMoviePlayer
LogPluginManager: Mounting plugin ActorLayerUtilities
LogPluginManager: Mounting plugin AndroidPermission
LogPluginManager: Mounting plugin AppleMoviePlayer
LogPluginManager: Mounting plugin ArchVisCharacter
LogPluginManager: Mounting plugin AppleImageUtils
LogPluginManager: Mounting plugin AssetTags
LogPluginManager: Mounting plugin AudioCapture
LogPluginManager: Mounting plugin AudioSynesthesia
LogPluginManager: Mounting plugin CableComponent
LogPluginManager: Mounting plugin ChunkDownloader
LogPluginManager: Mounting plugin CustomMeshComponent
LogPluginManager: Mounting plugin EditableMesh
LogPluginManager: Mounting plugin ExampleDeviceProfileSelector
LogPluginManager: Mounting plugin GoogleCloudMessaging
LogPluginManager: Mounting plugin GooglePAD
LogPluginManager: Mounting plugin ScreenshotTools
LogPluginManager: Mounting plugin LinuxDeviceProfileSelector
LogPluginManager: Mounting plugin LocationServicesBPLibrary
LogPluginManager: Mounting plugin IOSDeviceProfileSelector
LogPluginManager: Mounting plugin MobilePatchingUtils
LogPluginManager: Mounting plugin OpenXREyeTracker
LogPluginManager: Mounting plugin OpenXR
LogPluginManager: Mounting plugin OpenXRHandTracking
LogPluginManager: Mounting plugin PhysXVehicles
LogPluginManager: Mounting plugin PostSplashScreen
LogPluginManager: Mounting plugin ProceduralMeshComponent
LogPluginManager: Mounting plugin PropertyAccessEditor
LogPluginManager: Mounting plugin RuntimePhysXCooking
LogPluginManager: Mounting plugin SoundFields
LogPluginManager: Mounting plugin SignificanceManager
LogPluginManager: Mounting plugin Takes
LogPluginManager: Mounting plugin Synthesis
LogPluginManager: Mounting plugin WebMMoviePlayer
LogPluginManager: Mounting plugin AISupport
LogPluginManager: Mounting plugin EnvironmentQueryEditor
LogPluginManager: Mounting plugin LightPropagationVolume
LogPluginManager: Mounting plugin WindowsMoviePlayer
LogPluginManager: Mounting plugin ContentBrowserAssetDataSource
LogPluginManager: Mounting plugin ContentBrowserFileDataSource
LogPluginManager: Mounting plugin ContentBrowserClassDataSource
LogPluginManager: Mounting plugin OnlineSubsystemGooglePlay
LogPluginManager: Mounting plugin OnlineSubsystemIOS
LogPluginManager: Mounting plugin OculusVR
LogPluginManager: Mounting plugin SteamVR
PixWinPlugin: PIX capture plugin failed to initialize! Check that the process is launched from PIX.
LogInit: Using libcurl 7.55.1-DEV
LogInit:  - built for x86_64-pc-win32
LogInit:  - supports SSL with OpenSSL/1.1.1
LogInit:  - supports HTTP deflate (compression) using libz 1.2.8
LogInit:  - other features:
LogInit:      CURL_VERSION_SSL
LogInit:      CURL_VERSION_LIBZ
LogInit:      CURL_VERSION_IPV6
LogInit:      CURL_VERSION_ASYNCHDNS
LogInit:      CURL_VERSION_LARGEFILE
LogInit:      CURL_VERSION_IDN
LogInit:  CurlRequestOptions (configurable via config and command line):
LogInit:  - bVerifyPeer = true  - Libcurl will verify peer certificate
LogInit:  - bUseHttpProxy = false  - Libcurl will NOT use HTTP proxy
LogInit:  - bDontReuseConnections = false  - Libcurl will reuse connections
LogInit:  - MaxHostConnections = 16  - Libcurl will limit the number of connections to a host
LogInit:  - LocalHostAddr = Default
LogInit:  - BufferSize = 65536
LogOnline: OSS: Creating online subsystem instance for: NULL
LogInit: WinSock: version 1.1 (2.2), MaxSocks=32767, MaxUdp=65467
LogOnline: OSS: TryLoadSubsystemAndSetDefault: Loaded subsystem for module [NULL]
LogOculusPluginWrapper: OculusPlugin initialized successfully
LogHMD: Failed initializing OVRPlugin 1.59.0
LogInit: Build: ++UE4+Release-4.27-CL-17735300
LogInit: Engine Version: 4.27.1-17735300+++UE4+Release-4.27
LogInit: Compatible Engine Version: 4.27.0-17155196+++UE4+Release-4.27
LogInit: Net CL: 17155196
LogInit: OS: Windows 10 (Release 2009) (), CPU: AMD Ryzen 5 2600 Six-Core Processor            , GPU: AMD Radeon (TM) R9 Fury Series
LogInit: Compiled (64-bit): Oct  6 2021 14:42:51
LogInit: Compiled with Visual C++: 19.24.28315.00
LogInit: Build Configuration: Development
LogInit: Branch Name: ++UE4+Release-4.27
LogInit: Command Line:  -EpicPortal -epicusername=tehrealDOA -epicuserid=34423483fa8740d1bcf4a0174ed764ed -epiclocale=en -epicsandboxid=ue
LogInit: Base Directory: C:/Program Files/Epic Games/UE_4.27/Engine/Binaries/Win64/
LogInit: Allocator: TBB
LogInit: Installed Engine Build: 1
LogDevObjectVersion: Number of dev versions registered: 29
LogDevObjectVersion:   Dev-Blueprints (B0D832E4-1F89-4F0D-ACCF-7EB736FD4AA2): 10
LogDevObjectVersion:   Dev-Build (E1C64328-A22C-4D53-A36C-8E866417BD8C): 0
LogDevObjectVersion:   Dev-Core (375EC13C-06E4-48FB-B500-84F0262A717E): 4
LogDevObjectVersion:   Dev-Editor (E4B068ED-F494-42E9-A231-DA0B2E46BB41): 40
LogDevObjectVersion:   Dev-Framework (CFFC743F-43B0-4480-9391-14DF171D2073): 37
LogDevObjectVersion:   Dev-Mobile (B02B49B5-BB20-44E9-A304-32B752E40360): 3
LogDevObjectVersion:   Dev-Networking (A4E4105C-59A1-49B5-A7C5-40C4547EDFEE): 0
LogDevObjectVersion:   Dev-Online (39C831C9-5AE6-47DC-9A44-9C173E1C8E7C): 0
LogDevObjectVersion:   Dev-Physics (78F01B33-EBEA-4F98-B9B4-84EACCB95AA2): 14
LogDevObjectVersion:   Dev-Platform (6631380F-2D4D-43E0-8009-CF276956A95A): 0
LogDevObjectVersion:   Dev-Rendering (12F88B9F-8875-4AFC-A67C-D90C383ABD29): 45
LogDevObjectVersion:   Dev-Sequencer (7B5AE74C-D270-4C10-A958-57980B212A5A): 13
LogDevObjectVersion:   Dev-VR (D7296918-1DD6-4BDD-9DE2-64A83CC13884): 3
LogDevObjectVersion:   Dev-LoadTimes (C2A15278-BFE7-4AFE-6C17-90FF531DF755): 1
LogDevObjectVersion:   Private-Geometry (6EACA3D4-40EC-4CC1-B786-8BED09428FC5): 3
LogDevObjectVersion:   Dev-AnimPhys (29E575DD-E0A3-4627-9D10-D276232CDCEA): 17
LogDevObjectVersion:   Dev-Anim (AF43A65D-7FD3-4947-9873-3E8ED9C1BB05): 15
LogDevObjectVersion:   Dev-ReflectionCapture (6B266CEC-1EC7-4B8F-A30B-E4D90942FC07): 1
LogDevObjectVersion:   Dev-Automation (0DF73D61-A23F-47EA-B727-89E90C41499A): 1
LogDevObjectVersion:   FortniteMain (601D1886-AC64-4F84-AA16-D3DE0DEAC7D6): 47
LogDevObjectVersion:   FortniteRelease (E7086368-6B23-4C58-8439-1B7016265E91): 1
LogDevObjectVersion:   Dev-Enterprise (9DFFBCD6-494F-0158-E221-12823C92A888): 10
LogDevObjectVersion:   Dev-Niagara (F2AED0AC-9AFE-416F-8664-AA7FFA26D6FC): 1
LogDevObjectVersion:   Dev-Destruction (174F1F0B-B4C6-45A5-B13F-2EE8D0FB917D): 10
LogDevObjectVersion:   Dev-Physics-Ext (35F94A83-E258-406C-A318-09F59610247C): 41
LogDevObjectVersion:   Dev-PhysicsMaterial-Chaos (B68FC16E-8B1B-42E2-B453-215C058844FE): 1
LogDevObjectVersion:   Dev-CineCamera (B2E18506-4273-CFC2-A54E-F4BB758BBA07): 1
LogDevObjectVersion:   Dev-VirtualProduction (64F58936-FD1B-42BA-BA96-7289D5D0FA4E): 1
LogDevObjectVersion:   Dev-MediaFramework (6F0ED827-A609-4895-9C91-998D90180EA4): 2
LogInit: Presizing for max 25165824 objects, including 0 objects not considered by GC, pre-allocating 0 bytes for permanent pool.
LogConfig: Applying CVar settings from Section [/Script/Engine.StreamingSettings] File [C:/Users/derri/Documents/Unreal Projects/GameOffDOA/Saved/Config/Windows/Engine.ini]
LogConfig: Setting CVar [[s.MinBulkDataSizeForAsyncLoading:131072]]
LogConfig: Setting CVar [[s.AsyncLoadingThreadEnabled:0]]
LogConfig: Setting CVar [[s.EventDrivenLoaderEnabled:1]]
LogConfig: Setting CVar [[s.WarnIfTimeLimitExceeded:0]]
LogConfig: Setting CVar [[s.TimeLimitExceededMultiplier:1.5]]
LogConfig: Setting CVar [[s.TimeLimitExceededMinTime:0.005]]
LogConfig: Setting CVar [[s.UseBackgroundLevelStreaming:1]]
LogConfig: Setting CVar [[s.PriorityAsyncLoadingExtraTime:15.0]]
LogConfig: Setting CVar [[s.LevelStreamingActorsUpdateTimeLimit:5.0]]
LogConfig: Setting CVar [[s.PriorityLevelStreamingActorsUpdateExtraTime:5.0]]
LogConfig: Setting CVar [[s.LevelStreamingComponentsRegistrationGranularity:10]]
LogConfig: Setting CVar [[s.UnregisterComponentsTimeLimit:1.0]]
LogConfig: Setting CVar [[s.LevelStreamingComponentsUnregistrationGranularity:5]]
LogConfig: Setting CVar [[s.FlushStreamingOnExit:1]]
LogInit: Object subsystem initialized
LogConfig: Setting CVar [[con.DebugEarlyDefault:1]]
LogConfig: Setting CVar [[r.setres:1280x720]]
[2021.11.24-00.59.09:639][  0]LogConfig: Setting CVar [[r.VSync:0]]
[2021.11.24-00.59.09:639][  0]LogConfig: Setting CVar [[r.RHICmdBypass:0]]
[2021.11.24-00.59.09:639][  0]LogConfig: Applying CVar settings from Section [/Script/Engine.RendererSettings] File [C:/Users/derri/Documents/Unreal Projects/GameOffDOA/Saved/Config/Windows/Engine.ini]
[2021.11.24-00.59.09:639][  0]LogConfig: Setting CVar [[r.GPUCrashDebugging:0]]
[2021.11.24-00.59.09:639][  0]LogConfig: Setting CVar [[r.Mobile.DisableVertexFog:1]]
[2021.11.24-00.59.09:639][  0]LogConfig: Setting CVar [[r.Shadow.CSM.MaxMobileCascades:2]]
[2021.11.24-00.59.09:639][  0]LogConfig: Setting CVar [[r.MobileMSAA:1]]
[2021.11.24-00.59.09:639][  0]LogConfig: Setting CVar [[r.Mobile.AllowDitheredLODTransition:0]]
[2021.11.24-00.59.09:639][  0]LogConfig: Setting CVar [[r.Mobile.AllowSoftwareOcclusion:0]]
[2021.11.24-00.59.09:639][  0]LogConfig: Setting CVar [[r.Mobile.VirtualTextures:0]]
[2021.11.24-00.59.09:639][  0]LogConfig: Setting CVar [[r.DiscardUnusedQuality:0]]
[2021.11.24-00.59.09:639][  0]LogConfig: Setting CVar [[r.AllowOcclusionQueries:1]]
[2021.11.24-00.59.09:639][  0]LogConfig: Setting CVar [[r.MinScreenRadiusForLights:0.030000]]
[2021.11.24-00.59.09:639][  0]LogConfig: Setting CVar [[r.MinScreenRadiusForDepthPrepass:0.030000]]
[2021.11.24-00.59.09:639][  0]LogConfig: Setting CVar [[r.MinScreenRadiusForCSMDepth:0.010000]]
[2021.11.24-00.59.09:639][  0]LogConfig: Setting CVar [[r.PrecomputedVisibilityWarning:0]]
[2021.11.24-00.59.09:639][  0]LogConfig: Setting CVar [[r.TextureStreaming:1]]
[2021.11.24-00.59.09:639][  0]LogConfig: Setting CVar [[Compat.UseDXT5NormalMaps:0]]
[2021.11.24-00.59.09:639][  0]LogConfig: Setting CVar [[r.VirtualTextures:0]]
[2021.11.24-00.59.09:639][  0]LogConfig: Setting CVar [[r.VT.EnableAutoImport:1]]
[2021.11.24-00.59.09:639][  0]LogConfig: Setting CVar [[r.VirtualTexturedLightmaps:0]]
[2021.11.24-00.59.09:639][  0]LogConfig: Setting CVar [[r.VT.TileSize:128]]
[2021.11.24-00.59.09:639][  0]LogConfig: Setting CVar [[r.VT.TileBorderSize:4]]
[2021.11.24-00.59.09:639][  0]LogConfig: Setting CVar [[r.vt.FeedbackFactor:16]]
[2021.11.24-00.59.09:639][  0]LogConfig: Setting CVar [[r.VT.EnableCompressZlib:1]]
[2021.11.24-00.59.09:639][  0]LogConfig: Setting CVar [[r.VT.EnableCompressCrunch:0]]
[2021.11.24-00.59.09:639][  0]LogConfig: Setting CVar [[r.ClearCoatNormal:0]]
[2021.11.24-00.59.09:639][  0]LogConfig: Setting CVar [[r.ReflectionCaptureResolution:128]]
[2021.11.24-00.59.09:639][  0]LogConfig: Setting CVar [[r.Mobile.ReflectionCaptureCompression:0]]
[2021.11.24-00.59.09:639][  0]LogConfig: Setting CVar [[r.ReflectionEnvironmentLightmapMixBasedOnRoughness:1]]
[2021.11.24-00.59.09:639][  0]LogConfig: Setting CVar [[r.ForwardShading:0]]
[2021.11.24-00.59.09:639][  0]LogConfig: Setting CVar [[r.VertexFoggingForOpaque:1]]
[2021.11.24-00.59.09:639][  0]LogConfig: Setting CVar [[r.AllowStaticLighting:1]]
[2021.11.24-00.59.09:639][  0]LogConfig: Setting CVar [[r.NormalMapsForStaticLighting:0]]
[2021.11.24-00.59.09:639][  0]LogConfig: Setting CVar [[r.GenerateMeshDistanceFields:0]]
[2021.11.24-00.59.09:639][  0]LogConfig: Setting CVar [[r.DistanceFieldBuild.EightBit:0]]
[2021.11.24-00.59.09:639][  0]LogConfig: Setting CVar [[r.GenerateLandscapeGIData:0]]
[2021.11.24-00.59.09:639][  0]LogConfig: Setting CVar [[r.DistanceFieldBuild.Compress:0]]
[2021.11.24-00.59.09:639][  0]LogConfig: Setting CVar [[r.TessellationAdaptivePixelsPerTriangle:48.000000]]
[2021.11.24-00.59.09:639][  0]LogConfig: Setting CVar [[r.SeparateTranslucency:1]]
[2021.11.24-00.59.09:639][  0]LogConfig: Setting CVar [[r.TranslucentSortPolicy:0]]
[2021.11.24-00.59.09:639][  0]LogConfig: Setting CVar [[vr.VRS.HMDFixedFoveationLevel:0]]
[2021.11.24-00.59.09:639][  0]LogConfig: Setting CVar [[r.CustomDepth:1]]
[2021.11.24-00.59.09:639][  0]LogConfig: Setting CVar [[r.CustomDepthTemporalAAJitter:1]]
[2021.11.24-00.59.09:639][  0]LogConfig: Setting CVar [[r.PostProcessing.PropagateAlpha:0]]
[2021.11.24-00.59.09:639][  0]LogConfig: Setting CVar [[r.DefaultFeature.Bloom:1]]
[2021.11.24-00.59.09:639][  0]LogConfig: Setting CVar [[r.DefaultFeature.AmbientOcclusion:1]]
[2021.11.24-00.59.09:639][  0]LogConfig: Setting CVar [[r.DefaultFeature.AmbientOcclusionStaticFraction:1]]
[2021.11.24-00.59.09:640][  0]LogConfig: Setting CVar [[r.DefaultFeature.AutoExposure:0]]
[2021.11.24-00.59.09:640][  0]LogConfig: Setting CVar [[r.DefaultFeature.AutoExposure.Method:0]]
[2021.11.24-00.59.09:640][  0]LogConfig: Setting CVar [[r.DefaultFeature.AutoExposure.Bias:1.000000]]
[2021.11.24-00.59.09:640][  0]LogConfig: Setting CVar [[r.DefaultFeature.AutoExposure.ExtendDefaultLuminanceRange:0]]
[2021.11.24-00.59.09:640][  0]LogConfig: Setting CVar [[r.UsePreExposure:1]]
[2021.11.24-00.59.09:640][  0]LogConfig: Setting CVar [[r.EyeAdaptation.EditorOnly:0]]
[2021.11.24-00.59.09:640][  0]LogConfig: Setting CVar [[r.DefaultFeature.MotionBlur:0]]
[2021.11.24-00.59.09:640][  0]LogConfig: Setting CVar [[r.DefaultFeature.LensFlare:0]]
[2021.11.24-00.59.09:640][  0]LogConfig: Setting CVar [[r.TemporalAA.Upsampling:0]]
[2021.11.24-00.59.09:640][  0]LogConfig: Setting CVar [[r.SSGI.Enable:0]]
[2021.11.24-00.59.09:640][  0]LogConfig: Setting CVar [[r.DefaultFeature.AntiAliasing:0]]
[2021.11.24-00.59.09:640][  0]LogConfig: Setting CVar [[r.DefaultFeature.LightUnits:1]]
[2021.11.24-00.59.09:640][  0]LogConfig: Setting CVar [[r.DefaultBackBufferPixelFormat:4]]
[2021.11.24-00.59.09:640][  0]LogConfig: Setting CVar [[r.Shadow.UnbuiltPreviewInGame:1]]
[2021.11.24-00.59.09:640][  0]LogConfig: Setting CVar [[r.StencilForLODDither:0]]
[2021.11.24-00.59.09:640][  0]LogConfig: Setting CVar [[r.EarlyZPass:3]]
[2021.11.24-00.59.09:640][  0]LogConfig: Setting CVar [[r.EarlyZPassOnlyMaterialMasking:0]]
[2021.11.24-00.59.09:640][  0]LogConfig: Setting CVar [[r.DBuffer:1]]
[2021.11.24-00.59.09:640][  0]LogConfig: Setting CVar [[r.ClearSceneMethod:1]]
[2021.11.24-00.59.09:640][  0]LogConfig: Setting CVar [[r.BasePassOutputsVelocity:0]]
[2021.11.24-00.59.09:640][  0]LogConfig: Setting CVar [[r.VertexDeformationOutputsVelocity:0]]
[2021.11.24-00.59.09:640][  0]LogConfig: Setting CVar [[r.SelectiveBasePassOutputs:0]]
[2021.11.24-00.59.09:640][  0]LogConfig: Setting CVar [[fx.GPUSimulationTextureSizeX:1024]]
[2021.11.24-00.59.09:640][  0]LogConfig: Setting CVar [[fx.GPUSimulationTextureSizeY:1024]]
[2021.11.24-00.59.09:640][  0]LogConfig: Setting CVar [[r.AllowGlobalClipPlane:0]]
[2021.11.24-00.59.09:640][  0]LogConfig: Setting CVar [[r.GBufferFormat:1]]
[2021.11.24-00.59.09:640][  0]LogConfig: Setting CVar [[r.MorphTarget.Mode:1]]
[2021.11.24-00.59.09:640][  0]LogConfig: Setting CVar [[vr.InstancedStereo:0]]
[2021.11.24-00.59.09:640][  0]LogConfig: Setting CVar [[r.MobileHDR:1]]
[2021.11.24-00.59.09:640][  0]LogConfig: Setting CVar [[vr.MobileMultiView:0]]
[2021.11.24-00.59.09:640][  0]LogConfig: Setting CVar [[r.Mobile.UseHWsRGBEncoding:0]]
[2021.11.24-00.59.09:640][  0]LogConfig: Setting CVar [[vr.RoundRobinOcclusion:0]]
[2021.11.24-00.59.09:640][  0]LogConfig: Setting CVar [[vr.ODSCapture:0]]
[2021.11.24-00.59.09:640][  0]LogConfig: Setting CVar [[r.MeshStreaming:0]]
[2021.11.24-00.59.09:640][  0]LogConfig: Setting CVar [[r.WireframeCullThreshold:5.000000]]
[2021.11.24-00.59.09:640][  0]LogConfig: Setting CVar [[r.RayTracing:0]]
[2021.11.24-00.59.09:640][  0]LogConfig: Setting CVar [[r.RayTracing.UseTextureLod:0]]
[2021.11.24-00.59.09:640][  0]LogConfig: Setting CVar [[r.SupportStationarySkylight:1]]
[2021.11.24-00.59.09:640][  0]LogConfig: Setting CVar [[r.SupportLowQualityLightmaps:1]]
[2021.11.24-00.59.09:640][  0]LogConfig: Setting CVar [[r.SupportPointLightWholeSceneShadows:1]]
[2021.11.24-00.59.09:640][  0]LogConfig: Setting CVar [[r.SupportAtmosphericFog:1]]
[2021.11.24-00.59.09:640][  0]LogConfig: Setting CVar [[r.SupportSkyAtmosphere:1]]
[2021.11.24-00.59.09:640][  0]LogConfig: Setting CVar [[r.SupportSkyAtmosphereAffectsHeightFog:0]]
[2021.11.24-00.59.09:640][  0]LogConfig: Setting CVar [[r.SkinCache.CompileShaders:0]]
[2021.11.24-00.59.09:640][  0]LogConfig: Setting CVar [[r.SkinCache.DefaultBehavior:1]]
[2021.11.24-00.59.09:640][  0]LogConfig: Setting CVar [[r.SkinCache.SceneMemoryLimitInMB:128.000000]]
[2021.11.24-00.59.09:640][  0]LogConfig: Setting CVar [[r.Mobile.EnableStaticAndCSMShadowReceivers:1]]
[2021.11.24-00.59.09:640][  0]LogConfig: Setting CVar [[r.Mobile.EnableMovableLightCSMShaderCulling:1]]
[2021.11.24-00.59.09:640][  0]LogConfig: Setting CVar [[r.Mobile.AllowDistanceFieldShadows:1]]
[2021.11.24-00.59.09:640][  0]LogConfig: Setting CVar [[r.Mobile.AllowMovableDirectionalLights:1]]
[2021.11.24-00.59.09:640][  0]LogConfig: Setting CVar [[r.MobileNumDynamicPointLights:4]]
[2021.11.24-00.59.09:640][  0]LogConfig: Setting CVar [[r.MobileDynamicPointLightsUseStaticBranch:1]]
[2021.11.24-00.59.09:640][  0]LogConfig: Setting CVar [[r.Mobile.EnableMovableSpotlights:0]]
[2021.11.24-00.59.09:640][  0]LogConfig: Setting CVar [[r.Mobile.EnableMovableSpotlightsShadow:0]]
[2021.11.24-00.59.09:640][  0]LogConfig: Setting CVar [[r.GPUSkin.Support16BitBoneIndex:0]]
[2021.11.24-00.59.09:640][  0]LogConfig: Setting CVar [[r.GPUSkin.Limit2BoneInfluences:0]]
[2021.11.24-00.59.09:640][  0]LogConfig: Setting CVar [[r.SupportDepthOnlyIndexBuffers:1]]
[2021.11.24-00.59.09:640][  0]LogConfig: Setting CVar [[r.SupportReversedIndexBuffers:1]]
[2021.11.24-00.59.09:640][  0]LogConfig: Setting CVar [[r.LightPropagationVolume:0]]
[2021.11.24-00.59.09:640][  0]LogConfig: Setting CVar [[r.Mobile.AmbientOcclusion:0]]
[2021.11.24-00.59.09:640][  0]LogConfig: Setting CVar [[r.GPUSkin.UnlimitedBoneInfluences:0]]
[2021.11.24-00.59.09:640][  0]LogConfig: Setting CVar [[r.GPUSkin.UnlimitedBoneInfluencesThreshold:8]]
[2021.11.24-00.59.09:640][  0]LogConfig: Setting CVar [[r.Mobile.PlanarReflectionMode:0]]
[2021.11.24-00.59.09:640][  0]LogConfig: Setting CVar [[r.Mobile.SupportsGen4TAA:0]]
[2021.11.24-00.59.09:640][  0]LogConfig: Applying CVar settings from Section [/Script/Engine.RendererOverrideSettings] File [C:/Users/derri/Documents/Unreal Projects/GameOffDOA/Saved/Config/Windows/Engine.ini]
[2021.11.24-00.59.09:640][  0]LogConfig: Applying CVar settings from Section [/Script/Engine.StreamingSettings] File [C:/Users/derri/Documents/Unreal Projects/GameOffDOA/Saved/Config/Windows/Engine.ini]
[2021.11.24-00.59.09:640][  0]LogConfig: Setting CVar [[s.MinBulkDataSizeForAsyncLoading:131072]]
[2021.11.24-00.59.09:640][  0]LogConfig: Setting CVar [[s.AsyncLoadingThreadEnabled:0]]
[2021.11.24-00.59.09:640][  0]LogConfig: Setting CVar [[s.EventDrivenLoaderEnabled:1]]
[2021.11.24-00.59.09:640][  0]LogConfig: Setting CVar [[s.WarnIfTimeLimitExceeded:0]]
[2021.11.24-00.59.09:641][  0]LogConfig: Setting CVar [[s.TimeLimitExceededMultiplier:1.5]]
[2021.11.24-00.59.09:641][  0]LogConfig: Setting CVar [[s.TimeLimitExceededMinTime:0.005]]
[2021.11.24-00.59.09:641][  0]LogConfig: Setting CVar [[s.UseBackgroundLevelStreaming:1]]
[2021.11.24-00.59.09:641][  0]LogConfig: Setting CVar [[s.PriorityAsyncLoadingExtraTime:15.0]]
[2021.11.24-00.59.09:641][  0]LogConfig: Setting CVar [[s.LevelStreamingActorsUpdateTimeLimit:5.0]]
[2021.11.24-00.59.09:641][  0]LogConfig: Setting CVar [[s.PriorityLevelStreamingActorsUpdateExtraTime:5.0]]
[2021.11.24-00.59.09:641][  0]LogConfig: Setting CVar [[s.LevelStreamingComponentsRegistrationGranularity:10]]
[2021.11.24-00.59.09:641][  0]LogConfig: Setting CVar [[s.UnregisterComponentsTimeLimit:1.0]]
[2021.11.24-00.59.09:641][  0]LogConfig: Setting CVar [[s.LevelStreamingComponentsUnregistrationGranularity:5]]
[2021.11.24-00.59.09:641][  0]LogConfig: Setting CVar [[s.FlushStreamingOnExit:1]]
[2021.11.24-00.59.09:641][  0]LogConfig: Applying CVar settings from Section [/Script/Engine.GarbageCollectionSettings] File [C:/Users/derri/Documents/Unreal Projects/GameOffDOA/Saved/Config/Windows/Engine.ini]
[2021.11.24-00.59.09:641][  0]LogConfig: Setting CVar [[gc.MaxObjectsNotConsideredByGC:1]]
[2021.11.24-00.59.09:641][  0]LogConfig: Setting CVar [[gc.SizeOfPermanentObjectPool:0]]
[2021.11.24-00.59.09:641][  0]LogConfig: Setting CVar [[gc.FlushStreamingOnGC:0]]
[2021.11.24-00.59.09:641][  0]LogConfig: Setting CVar [[gc.NumRetriesBeforeForcingGC:10]]
[2021.11.24-00.59.09:641][  0]LogConfig: Setting CVar [[gc.AllowParallelGC:1]]
[2021.11.24-00.59.09:641][  0]LogConfig: Setting CVar [[gc.TimeBetweenPurgingPendingKillObjects:61.1]]
[2021.11.24-00.59.09:641][  0]LogConfig: Setting CVar [[gc.MaxObjectsInEditor:25165824]]
[2021.11.24-00.59.09:641][  0]LogConfig: Setting CVar [[gc.IncrementalBeginDestroyEnabled:1]]
[2021.11.24-00.59.09:641][  0]LogConfig: Setting CVar [[gc.CreateGCClusters:1]]
[2021.11.24-00.59.09:641][  0]LogConfig: Setting CVar [[gc.MinGCClusterSize:5]]
[2021.11.24-00.59.09:641][  0]LogConfig: Setting CVar [[gc.ActorClusteringEnabled:0]]
[2021.11.24-00.59.09:641][  0]LogConfig: Setting CVar [[gc.BlueprintClusteringEnabled:0]]
[2021.11.24-00.59.09:641][  0]LogConfig: Setting CVar [[gc.UseDisregardForGCOnDedicatedServers:0]]
[2021.11.24-00.59.09:641][  0]LogConfig: Setting CVar [[gc.MultithreadedDestructionEnabled:1]]
[2021.11.24-00.59.09:641][  0]LogConfig: Applying CVar settings from Section [/Script/Engine.NetworkSettings] File [C:/Users/derri/Documents/Unreal Projects/GameOffDOA/Saved/Config/Windows/Engine.ini]
[2021.11.24-00.59.09:641][  0]LogConfig: Applying CVar settings from Section [/Script/UnrealEd.CookerSettings] File [C:/Users/derri/Documents/Unreal Projects/GameOffDOA/Saved/Config/Windows/Engine.ini]
[2021.11.24-00.59.09:654][  0]LogConfig: Applying CVar settings from Section [ViewDistanceQuality@3] File [C:/Users/derri/Documents/Unreal Projects/GameOffDOA/Saved/Config/Windows/Scalability.ini]
[2021.11.24-00.59.09:654][  0]LogConfig: Setting CVar [[r.SkeletalMeshLODBias:0]]
[2021.11.24-00.59.09:654][  0]LogConfig: Setting CVar [[r.ViewDistanceScale:1.0]]
[2021.11.24-00.59.09:654][  0]LogConfig: Applying CVar settings from Section [AntiAliasingQuality@3] File [C:/Users/derri/Documents/Unreal Projects/GameOffDOA/Saved/Config/Windows/Scalability.ini]
[2021.11.24-00.59.09:655][  0]LogConfig: Setting CVar [[r.PostProcessAAQuality:4]]
[2021.11.24-00.59.09:655][  0]LogConfig: Applying CVar settings from Section [ShadowQuality@3] File [C:/Users/derri/Documents/Unreal Projects/GameOffDOA/Saved/Config/Windows/Scalability.ini]
[2021.11.24-00.59.09:655][  0]LogConfig: Setting CVar [[r.LightFunctionQuality:1]]
[2021.11.24-00.59.09:655][  0]LogConfig: Setting CVar [[r.ShadowQuality:5]]
[2021.11.24-00.59.09:655][  0]LogConfig: Setting CVar [[r.Shadow.CSM.MaxCascades:10]]
[2021.11.24-00.59.09:655][  0]LogConfig: Setting CVar [[r.Shadow.MaxResolution:2048]]
[2021.11.24-00.59.09:655][  0]LogConfig: Setting CVar [[r.Shadow.MaxCSMResolution:2048]]
[2021.11.24-00.59.09:655][  0]LogConfig: Setting CVar [[r.Shadow.RadiusThreshold:0.01]]
[2021.11.24-00.59.09:655][  0]LogConfig: Setting CVar [[r.Shadow.DistanceScale:1.0]]
[2021.11.24-00.59.09:655][  0]LogConfig: Setting CVar [[r.Shadow.CSM.TransitionScale:1.0]]
[2021.11.24-00.59.09:655][  0]LogConfig: Setting CVar [[r.Shadow.PreShadowResolutionFactor:1.0]]
[2021.11.24-00.59.09:655][  0]LogConfig: Setting CVar [[r.DistanceFieldShadowing:1]]
[2021.11.24-00.59.09:655][  0]LogConfig: Setting CVar [[r.DistanceFieldAO:1]]
[2021.11.24-00.59.09:655][  0]LogConfig: Setting CVar [[r.AOQuality:2]]
[2021.11.24-00.59.09:655][  0]LogConfig: Setting CVar [[r.VolumetricFog:1]]
[2021.11.24-00.59.09:655][  0]LogConfig: Setting CVar [[r.VolumetricFog.GridPixelSize:8]]
[2021.11.24-00.59.09:655][  0]LogConfig: Setting CVar [[r.VolumetricFog.GridSizeZ:128]]
[2021.11.24-00.59.09:655][  0]LogConfig: Setting CVar [[r.VolumetricFog.HistoryMissSupersampleCount:4]]
[2021.11.24-00.59.09:655][  0]LogConfig: Setting CVar [[r.LightMaxDrawDistanceScale:1]]
[2021.11.24-00.59.09:655][  0]LogConfig: Setting CVar [[r.CapsuleShadows:1]]
[2021.11.24-00.59.09:655][  0]LogConfig: Applying CVar settings from Section [PostProcessQuality@3] File [C:/Users/derri/Documents/Unreal Projects/GameOffDOA/Saved/Config/Windows/Scalability.ini]
[2021.11.24-00.59.09:655][  0]LogConfig: Setting CVar [[r.MotionBlurQuality:4]]
[2021.11.24-00.59.09:655][  0]LogConfig: Setting CVar [[r.AmbientOcclusionMipLevelFactor:0.4]]
[2021.11.24-00.59.09:655][  0]LogConfig: Setting CVar [[r.AmbientOcclusionMaxQuality:100]]
[2021.11.24-00.59.09:655][  0]LogConfig: Setting CVar [[r.AmbientOcclusionLevels:-1]]
[2021.11.24-00.59.09:655][  0]LogConfig: Setting CVar [[r.AmbientOcclusionRadiusScale:1.0]]
[2021.11.24-00.59.09:655][  0]LogConfig: Setting CVar [[r.DepthOfFieldQuality:2]]
[2021.11.24-00.59.09:655][  0]LogConfig: Setting CVar [[r.RenderTargetPoolMin:400]]
[2021.11.24-00.59.09:655][  0]LogConfig: Setting CVar [[r.LensFlareQuality:2]]
[2021.11.24-00.59.09:655][  0]LogConfig: Setting CVar [[r.SceneColorFringeQuality:1]]
[2021.11.24-00.59.09:655][  0]LogConfig: Setting CVar [[r.EyeAdaptationQuality:2]]
[2021.11.24-00.59.09:655][  0]LogConfig: Setting CVar [[r.BloomQuality:5]]
[2021.11.24-00.59.09:655][  0]LogConfig: Setting CVar [[r.FastBlurThreshold:100]]
[2021.11.24-00.59.09:655][  0]LogConfig: Setting CVar [[r.Upscale.Quality:3]]
[2021.11.24-00.59.09:655][  0]LogConfig: Setting CVar [[r.Tonemapper.GrainQuantization:1]]
[2021.11.24-00.59.09:655][  0]LogConfig: Setting CVar [[r.LightShaftQuality:1]]
[2021.11.24-00.59.09:655][  0]LogConfig: Setting CVar [[r.Filter.SizeScale:1]]
[2021.11.24-00.59.09:655][  0]LogConfig: Setting CVar [[r.Tonemapper.Quality:5]]
[2021.11.24-00.59.09:655][  0]LogConfig: Setting CVar [[r.DOF.Gather.AccumulatorQuality:1        ; higher gathering accumulator quality]]
[2021.11.24-00.59.09:655][  0]LogConfig: Setting CVar [[r.DOF.Gather.PostfilterMethod:1          ; Median3x3 postfilering method]]
[2021.11.24-00.59.09:655][  0]LogConfig: Setting CVar [[r.DOF.Gather.EnableBokehSettings:0       ; no bokeh simulation when gathering]]
[2021.11.24-00.59.09:655][  0]LogConfig: Setting CVar [[r.DOF.Gather.RingCount:4                 ; medium number of samples when gathering]]
[2021.11.24-00.59.09:655][  0]LogConfig: Setting CVar [[r.DOF.Scatter.ForegroundCompositing:1    ; additive foreground scattering]]
[2021.11.24-00.59.09:655][  0]LogConfig: Setting CVar [[r.DOF.Scatter.BackgroundCompositing:2    ; additive background scattering]]
[2021.11.24-00.59.09:655][  0]LogConfig: Setting CVar [[r.DOF.Scatter.EnableBokehSettings:1      ; bokeh simulation when scattering]]
[2021.11.24-00.59.09:655][  0]LogConfig: Setting CVar [[r.DOF.Scatter.MaxSpriteRatio:0.1         ; only a maximum of 10% of scattered bokeh]]
[2021.11.24-00.59.09:655][  0]LogConfig: Setting CVar [[r.DOF.Recombine.Quality:1                ; cheap slight out of focus]]
[2021.11.24-00.59.09:655][  0]LogConfig: Setting CVar [[r.DOF.Recombine.EnableBokehSettings:0    ; no bokeh simulation on slight out of focus]]
[2021.11.24-00.59.09:655][  0]LogConfig: Setting CVar [[r.DOF.TemporalAAQuality:1                ; more stable temporal accumulation]]
[2021.11.24-00.59.09:655][  0]LogConfig: Setting CVar [[r.DOF.Kernel.MaxForegroundRadius:0.025]]
[2021.11.24-00.59.09:655][  0]LogConfig: Setting CVar [[r.DOF.Kernel.MaxBackgroundRadius:0.025]]
[2021.11.24-00.59.09:655][  0]LogConfig: Applying CVar settings from Section [TextureQuality@3] File [C:/Users/derri/Documents/Unreal Projects/GameOffDOA/Saved/Config/Windows/Scalability.ini]
[2021.11.24-00.59.09:655][  0]LogConfig: Setting CVar [[r.Streaming.MipBias:0]]
[2021.11.24-00.59.09:655][  0]LogConfig: Setting CVar [[r.Streaming.AmortizeCPUToGPUCopy:0]]
[2021.11.24-00.59.09:655][  0]LogConfig: Setting CVar [[r.Streaming.MaxNumTexturesToStreamPerFrame:0]]
[2021.11.24-00.59.09:655][  0]LogConfig: Setting CVar [[r.Streaming.Boost:1]]
[2021.11.24-00.59.09:655][  0]LogConfig: Setting CVar [[r.MaxAnisotropy:8]]
[2021.11.24-00.59.09:655][  0]LogConfig: Setting CVar [[r.VT.MaxAnisotropy:8]]
[2021.11.24-00.59.09:655][  0]LogConfig: Setting CVar [[r.Streaming.LimitPoolSizeToVRAM:0]]
[2021.11.24-00.59.09:655][  0]LogConfig: Setting CVar [[r.Streaming.PoolSize:1000]]
[2021.11.24-00.59.09:655][  0]LogConfig: Setting CVar [[r.Streaming.MaxEffectiveScreenSize:0]]
[2021.11.24-00.59.09:655][  0]LogConfig: Applying CVar settings from Section [EffectsQuality@3] File [C:/Users/derri/Documents/Unreal Projects/GameOffDOA/Saved/Config/Windows/Scalability.ini]
[2021.11.24-00.59.09:655][  0]LogConfig: Setting CVar [[r.TranslucencyLightingVolumeDim:64]]
[2021.11.24-00.59.09:655][  0]LogConfig: Setting CVar [[r.RefractionQuality:2]]
[2021.11.24-00.59.09:655][  0]LogConfig: Setting CVar [[r.SSR.Quality:3]]
[2021.11.24-00.59.09:655][  0]LogConfig: Setting CVar [[r.SSR.HalfResSceneColor:0]]
[2021.11.24-00.59.09:655][  0]LogConfig: Setting CVar [[r.SceneColorFormat:4]]
[2021.11.24-00.59.09:655][  0]LogConfig: Setting CVar [[r.DetailMode:2]]
[2021.11.24-00.59.09:655][  0]LogConfig: Setting CVar [[r.TranslucencyVolumeBlur:1]]
[2021.11.24-00.59.09:655][  0]LogConfig: Setting CVar [[r.MaterialQualityLevel:1 ; High quality]]
[2021.11.24-00.59.09:656][  0]LogConfig: Setting CVar [[r.AnisotropicMaterials:1]]
[2021.11.24-00.59.09:656][  0]LogConfig: Setting CVar [[r.SSS.Scale:1]]
[2021.11.24-00.59.09:656][  0]LogConfig: Setting CVar [[r.SSS.SampleSet:2]]
[2021.11.24-00.59.09:656][  0]LogConfig: Setting CVar [[r.SSS.Quality:1]]
[2021.11.24-00.59.09:656][  0]LogConfig: Setting CVar [[r.SSS.HalfRes:0]]
[2021.11.24-00.59.09:656][  0]LogConfig: Setting CVar [[r.SSGI.Quality:3]]
[2021.11.24-00.59.09:656][  0]LogConfig: Setting CVar [[r.EmitterSpawnRateScale:1.0]]
[2021.11.24-00.59.09:656][  0]LogConfig: Setting CVar [[r.ParticleLightQuality:2]]
[2021.11.24-00.59.09:656][  0]LogConfig: Setting CVar [[r.SkyAtmosphere.AerialPerspectiveLUT.FastApplyOnOpaque:1 ; Always have FastSkyLUT 1 in this case to avoid wrong sky]]
[2021.11.24-00.59.09:656][  0]LogConfig: Setting CVar [[r.SkyAtmosphere.AerialPerspectiveLUT.SampleCountMaxPerSlice:4]]
[2021.11.24-00.59.09:656][  0]LogConfig: Setting CVar [[r.SkyAtmosphere.AerialPerspectiveLUT.DepthResolution:16.0]]
[2021.11.24-00.59.09:656][  0]LogConfig: Setting CVar [[r.SkyAtmosphere.FastSkyLUT:1]]
[2021.11.24-00.59.09:656][  0]LogConfig: Setting CVar [[r.SkyAtmosphere.FastSkyLUT.SampleCountMin:4.0]]
[2021.11.24-00.59.09:656][  0]LogConfig: Setting CVar [[r.SkyAtmosphere.FastSkyLUT.SampleCountMax:128.0]]
[2021.11.24-00.59.09:656][  0]LogConfig: Setting CVar [[r.SkyAtmosphere.SampleCountMin:4.0]]
[2021.11.24-00.59.09:656][  0]LogConfig: Setting CVar [[r.SkyAtmosphere.SampleCountMax:128.0]]
[2021.11.24-00.59.09:656][  0]LogConfig: Setting CVar [[r.SkyAtmosphere.TransmittanceLUT.UseSmallFormat:0]]
[2021.11.24-00.59.09:656][  0]LogConfig: Setting CVar [[r.SkyAtmosphere.TransmittanceLUT.SampleCount:10.0]]
[2021.11.24-00.59.09:656][  0]LogConfig: Setting CVar [[r.SkyAtmosphere.MultiScatteringLUT.SampleCount:15.0]]
[2021.11.24-00.59.09:656][  0]LogConfig: Setting CVar [[r.SkyLight.RealTimeReflectionCapture:1]]
[2021.11.24-00.59.09:656][  0]LogConfig: Applying CVar settings from Section [FoliageQuality@3] File [C:/Users/derri/Documents/Unreal Projects/GameOffDOA/Saved/Config/Windows/Scalability.ini]
[2021.11.24-00.59.09:656][  0]LogConfig: Setting CVar [[foliage.DensityScale:1.0]]
[2021.11.24-00.59.09:656][  0]LogConfig: Setting CVar [[grass.DensityScale:1.0]]
[2021.11.24-00.59.09:656][  0]LogConfig: Applying CVar settings from Section [ShadingQuality@3] File [C:/Users/derri/Documents/Unreal Projects/GameOffDOA/Saved/Config/Windows/Scalability.ini]
[2021.11.24-00.59.09:656][  0]LogConfig: Setting CVar [[r.HairStrands.SkyLighting.IntegrationType:2]]
[2021.11.24-00.59.09:656][  0]LogConfig: Setting CVar [[r.HairStrands.SkyAO.SampleCount:4]]
[2021.11.24-00.59.09:656][  0]LogConfig: Setting CVar [[r.HairStrands.Visibility.MSAA.SamplePerPixel:4]]
[2021.11.24-00.59.09:656][  0]LogInit: Selected Device Profile: [Windows]
[2021.11.24-00.59.09:656][  0]LogInit: Applying CVar settings loaded from the selected device profile: [Windows]
[2021.11.24-00.59.09:656][  0]LogHAL: Display: Platform has ~ 16 GB [17125720064 / 17179869184 / 16], which maps to Larger [LargestMinGB=32, LargerMinGB=12, DefaultMinGB=8, SmallerMinGB=6, SmallestMinGB=0)
[2021.11.24-00.59.09:656][  0]LogInit: Going up to parent DeviceProfile []
[2021.11.24-00.59.09:656][  0]LogConfig: Applying CVar settings from Section [ViewDistanceQuality@3] File [C:/Users/derri/Documents/Unreal Projects/GameOffDOA/Saved/Config/Windows/Scalability.ini]
[2021.11.24-00.59.09:656][  0]LogConfig: Setting CVar [[r.SkeletalMeshLODBias:0]]
[2021.11.24-00.59.09:656][  0]LogConfig: Setting CVar [[r.ViewDistanceScale:1.0]]
[2021.11.24-00.59.09:656][  0]LogConfig: Applying CVar settings from Section [AntiAliasingQuality@3] File [C:/Users/derri/Documents/Unreal Projects/GameOffDOA/Saved/Config/Windows/Scalability.ini]
[2021.11.24-00.59.09:656][  0]LogConfig: Setting CVar [[r.PostProcessAAQuality:4]]
[2021.11.24-00.59.09:656][  0]LogConfig: Applying CVar settings from Section [ShadowQuality@3] File [C:/Users/derri/Documents/Unreal Projects/GameOffDOA/Saved/Config/Windows/Scalability.ini]
[2021.11.24-00.59.09:656][  0]LogConfig: Setting CVar [[r.LightFunctionQuality:1]]
[2021.11.24-00.59.09:656][  0]LogConfig: Setting CVar [[r.ShadowQuality:5]]
[2021.11.24-00.59.09:656][  0]LogConfig: Setting CVar [[r.Shadow.CSM.MaxCascades:10]]
[2021.11.24-00.59.09:656][  0]LogConfig: Setting CVar [[r.Shadow.MaxResolution:2048]]
[2021.11.24-00.59.09:656][  0]LogConfig: Setting CVar [[r.Shadow.MaxCSMResolution:2048]]
[2021.11.24-00.59.09:656][  0]LogConfig: Setting CVar [[r.Shadow.RadiusThreshold:0.01]]
[2021.11.24-00.59.09:656][  0]LogConfig: Setting CVar [[r.Shadow.DistanceScale:1.0]]
[2021.11.24-00.59.09:656][  0]LogConfig: Setting CVar [[r.Shadow.CSM.TransitionScale:1.0]]
[2021.11.24-00.59.09:656][  0]LogConfig: Setting CVar [[r.Shadow.PreShadowResolutionFactor:1.0]]
[2021.11.24-00.59.09:656][  0]LogConfig: Setting CVar [[r.DistanceFieldShadowing:1]]
[2021.11.24-00.59.09:656][  0]LogConfig: Setting CVar [[r.DistanceFieldAO:1]]
[2021.11.24-00.59.09:656][  0]LogConfig: Setting CVar [[r.AOQuality:2]]
[2021.11.24-00.59.09:656][  0]LogConfig: Setting CVar [[r.VolumetricFog:1]]
[2021.11.24-00.59.09:656][  0]LogConfig: Setting CVar [[r.VolumetricFog.GridPixelSize:8]]
[2021.11.24-00.59.09:656][  0]LogConfig: Setting CVar [[r.VolumetricFog.GridSizeZ:128]]
[2021.11.24-00.59.09:656][  0]LogConfig: Setting CVar [[r.VolumetricFog.HistoryMissSupersampleCount:4]]
[2021.11.24-00.59.09:656][  0]LogConfig: Setting CVar [[r.LightMaxDrawDistanceScale:1]]
[2021.11.24-00.59.09:656][  0]LogConfig: Setting CVar [[r.CapsuleShadows:1]]
[2021.11.24-00.59.09:656][  0]LogConfig: Applying CVar settings from Section [PostProcessQuality@3] File [C:/Users/derri/Documents/Unreal Projects/GameOffDOA/Saved/Config/Windows/Scalability.ini]
[2021.11.24-00.59.09:656][  0]LogConfig: Setting CVar [[r.MotionBlurQuality:4]]
[2021.11.24-00.59.09:656][  0]LogConfig: Setting CVar [[r.AmbientOcclusionMipLevelFactor:0.4]]
[2021.11.24-00.59.09:656][  0]LogConfig: Setting CVar [[r.AmbientOcclusionMaxQuality:100]]
[2021.11.24-00.59.09:656][  0]LogConfig: Setting CVar [[r.AmbientOcclusionLevels:-1]]
[2021.11.24-00.59.09:656][  0]LogConfig: Setting CVar [[r.AmbientOcclusionRadiusScale:1.0]]
[2021.11.24-00.59.09:656][  0]LogConfig: Setting CVar [[r.DepthOfFieldQuality:2]]
[2021.11.24-00.59.09:656][  0]LogConfig: Setting CVar [[r.RenderTargetPoolMin:400]]
[2021.11.24-00.59.09:656][  0]LogConfig: Setting CVar [[r.LensFlareQuality:2]]
[2021.11.24-00.59.09:656][  0]LogConfig: Setting CVar [[r.SceneColorFringeQuality:1]]
[2021.11.24-00.59.09:656][  0]LogConfig: Setting CVar [[r.EyeAdaptationQuality:2]]
[2021.11.24-00.59.09:657][  0]LogConfig: Setting CVar [[r.BloomQuality:5]]
[2021.11.24-00.59.09:657][  0]LogConfig: Setting CVar [[r.FastBlurThreshold:100]]
[2021.11.24-00.59.09:657][  0]LogConfig: Setting CVar [[r.Upscale.Quality:3]]
[2021.11.24-00.59.09:657][  0]LogConfig: Setting CVar [[r.Tonemapper.GrainQuantization:1]]
[2021.11.24-00.59.09:657][  0]LogConfig: Setting CVar [[r.LightShaftQuality:1]]
[2021.11.24-00.59.09:657][  0]LogConfig: Setting CVar [[r.Filter.SizeScale:1]]
[2021.11.24-00.59.09:657][  0]LogConfig: Setting CVar [[r.Tonemapper.Quality:5]]
[2021.11.24-00.59.09:657][  0]LogConfig: Setting CVar [[r.DOF.Gather.AccumulatorQuality:1        ; higher gathering accumulator quality]]
[2021.11.24-00.59.09:657][  0]LogConfig: Setting CVar [[r.DOF.Gather.PostfilterMethod:1          ; Median3x3 postfilering method]]
[2021.11.24-00.59.09:657][  0]LogConfig: Setting CVar [[r.DOF.Gather.EnableBokehSettings:0       ; no bokeh simulation when gathering]]
[2021.11.24-00.59.09:657][  0]LogConfig: Setting CVar [[r.DOF.Gather.RingCount:4                 ; medium number of samples when gathering]]
[2021.11.24-00.59.09:657][  0]LogConfig: Setting CVar [[r.DOF.Scatter.ForegroundCompositing:1    ; additive foreground scattering]]
[2021.11.24-00.59.09:657][  0]LogConfig: Setting CVar [[r.DOF.Scatter.BackgroundCompositing:2    ; additive background scattering]]
[2021.11.24-00.59.09:657][  0]LogConfig: Setting CVar [[r.DOF.Scatter.EnableBokehSettings:1      ; bokeh simulation when scattering]]
[2021.11.24-00.59.09:657][  0]LogConfig: Setting CVar [[r.DOF.Scatter.MaxSpriteRatio:0.1         ; only a maximum of 10% of scattered bokeh]]
[2021.11.24-00.59.09:657][  0]LogConfig: Setting CVar [[r.DOF.Recombine.Quality:1                ; cheap slight out of focus]]
[2021.11.24-00.59.09:657][  0]LogConfig: Setting CVar [[r.DOF.Recombine.EnableBokehSettings:0    ; no bokeh simulation on slight out of focus]]
[2021.11.24-00.59.09:657][  0]LogConfig: Setting CVar [[r.DOF.TemporalAAQuality:1                ; more stable temporal accumulation]]
[2021.11.24-00.59.09:657][  0]LogConfig: Setting CVar [[r.DOF.Kernel.MaxForegroundRadius:0.025]]
[2021.11.24-00.59.09:657][  0]LogConfig: Setting CVar [[r.DOF.Kernel.MaxBackgroundRadius:0.025]]
[2021.11.24-00.59.09:657][  0]LogConfig: Applying CVar settings from Section [TextureQuality@3] File [C:/Users/derri/Documents/Unreal Projects/GameOffDOA/Saved/Config/Windows/Scalability.ini]
[2021.11.24-00.59.09:657][  0]LogConfig: Setting CVar [[r.Streaming.MipBias:0]]
[2021.11.24-00.59.09:657][  0]LogConfig: Setting CVar [[r.Streaming.AmortizeCPUToGPUCopy:0]]
[2021.11.24-00.59.09:657][  0]LogConfig: Setting CVar [[r.Streaming.MaxNumTexturesToStreamPerFrame:0]]
[2021.11.24-00.59.09:657][  0]LogConfig: Setting CVar [[r.Streaming.Boost:1]]
[2021.11.24-00.59.09:657][  0]LogConfig: Setting CVar [[r.MaxAnisotropy:8]]
[2021.11.24-00.59.09:657][  0]LogConfig: Setting CVar [[r.VT.MaxAnisotropy:8]]
[2021.11.24-00.59.09:657][  0]LogConfig: Setting CVar [[r.Streaming.LimitPoolSizeToVRAM:0]]
[2021.11.24-00.59.09:657][  0]LogConfig: Setting CVar [[r.Streaming.PoolSize:1000]]
[2021.11.24-00.59.09:657][  0]LogConfig: Setting CVar [[r.Streaming.MaxEffectiveScreenSize:0]]
[2021.11.24-00.59.09:657][  0]LogConfig: Applying CVar settings from Section [EffectsQuality@3] File [C:/Users/derri/Documents/Unreal Projects/GameOffDOA/Saved/Config/Windows/Scalability.ini]
[2021.11.24-00.59.09:657][  0]LogConfig: Setting CVar [[r.TranslucencyLightingVolumeDim:64]]
[2021.11.24-00.59.09:657][  0]LogConfig: Setting CVar [[r.RefractionQuality:2]]
[2021.11.24-00.59.09:657][  0]LogConfig: Setting CVar [[r.SSR.Quality:3]]
[2021.11.24-00.59.09:657][  0]LogConfig: Setting CVar [[r.SSR.HalfResSceneColor:0]]
[2021.11.24-00.59.09:657][  0]LogConfig: Setting CVar [[r.SceneColorFormat:4]]
[2021.11.24-00.59.09:657][  0]LogConfig: Setting CVar [[r.DetailMode:2]]
[2021.11.24-00.59.09:657][  0]LogConfig: Setting CVar [[r.TranslucencyVolumeBlur:1]]
[2021.11.24-00.59.09:657][  0]LogConfig: Setting CVar [[r.MaterialQualityLevel:1 ; High quality]]
[2021.11.24-00.59.09:657][  0]LogConfig: Setting CVar [[r.AnisotropicMaterials:1]]
[2021.11.24-00.59.09:657][  0]LogConfig: Setting CVar [[r.SSS.Scale:1]]
[2021.11.24-00.59.09:657][  0]LogConfig: Setting CVar [[r.SSS.SampleSet:2]]
[2021.11.24-00.59.09:657][  0]LogConfig: Setting CVar [[r.SSS.Quality:1]]
[2021.11.24-00.59.09:657][  0]LogConfig: Setting CVar [[r.SSS.HalfRes:0]]
[2021.11.24-00.59.09:657][  0]LogConfig: Setting CVar [[r.SSGI.Quality:3]]
[2021.11.24-00.59.09:657][  0]LogConfig: Setting CVar [[r.EmitterSpawnRateScale:1.0]]
[2021.11.24-00.59.09:657][  0]LogConfig: Setting CVar [[r.ParticleLightQuality:2]]
[2021.11.24-00.59.09:657][  0]LogConfig: Setting CVar [[r.SkyAtmosphere.AerialPerspectiveLUT.FastApplyOnOpaque:1 ; Always have FastSkyLUT 1 in this case to avoid wrong sky]]
[2021.11.24-00.59.09:657][  0]LogConfig: Setting CVar [[r.SkyAtmosphere.AerialPerspectiveLUT.SampleCountMaxPerSlice:4]]
[2021.11.24-00.59.09:657][  0]LogConfig: Setting CVar [[r.SkyAtmosphere.AerialPerspectiveLUT.DepthResolution:16.0]]
[2021.11.24-00.59.09:657][  0]LogConfig: Setting CVar [[r.SkyAtmosphere.FastSkyLUT:1]]
[2021.11.24-00.59.09:657][  0]LogConfig: Setting CVar [[r.SkyAtmosphere.FastSkyLUT.SampleCountMin:4.0]]
[2021.11.24-00.59.09:657][  0]LogConfig: Setting CVar [[r.SkyAtmosphere.FastSkyLUT.SampleCountMax:128.0]]
[2021.11.24-00.59.09:657][  0]LogConfig: Setting CVar [[r.SkyAtmosphere.SampleCountMin:4.0]]
[2021.11.24-00.59.09:657][  0]LogConfig: Setting CVar [[r.SkyAtmosphere.SampleCountMax:128.0]]
[2021.11.24-00.59.09:657][  0]LogConfig: Setting CVar [[r.SkyAtmosphere.TransmittanceLUT.UseSmallFormat:0]]
[2021.11.24-00.59.09:657][  0]LogConfig: Setting CVar [[r.SkyAtmosphere.TransmittanceLUT.SampleCount:10.0]]
[2021.11.24-00.59.09:657][  0]LogConfig: Setting CVar [[r.SkyAtmosphere.MultiScatteringLUT.SampleCount:15.0]]
[2021.11.24-00.59.09:657][  0]LogConfig: Setting CVar [[r.SkyLight.RealTimeReflectionCapture:1]]
[2021.11.24-00.59.09:657][  0]LogConfig: Applying CVar settings from Section [FoliageQuality@3] File [C:/Users/derri/Documents/Unreal Projects/GameOffDOA/Saved/Config/Windows/Scalability.ini]
[2021.11.24-00.59.09:657][  0]LogConfig: Setting CVar [[foliage.DensityScale:1.0]]
[2021.11.24-00.59.09:657][  0]LogConfig: Setting CVar [[grass.DensityScale:1.0]]
[2021.11.24-00.59.09:657][  0]LogConfig: Applying CVar settings from Section [ShadingQuality@3] File [C:/Users/derri/Documents/Unreal Projects/GameOffDOA/Saved/Config/Windows/Scalability.ini]
[2021.11.24-00.59.09:657][  0]LogConfig: Setting CVar [[r.HairStrands.SkyLighting.IntegrationType:2]]
[2021.11.24-00.59.09:657][  0]LogConfig: Setting CVar [[r.HairStrands.SkyAO.SampleCount:4]]
[2021.11.24-00.59.09:657][  0]LogConfig: Setting CVar [[r.HairStrands.Visibility.MSAA.SamplePerPixel:4]]
[2021.11.24-00.59.09:657][  0]LogConfig: Applying CVar settings from Section [Startup] File [../../../Engine/Config/ConsoleVariables.ini]
[2021.11.24-00.59.09:658][  0]LogConfig: Setting CVar [[net.UseAdaptiveNetUpdateFrequency:0]]
[2021.11.24-00.59.09:658][  0]LogConfig: Setting CVar [[p.chaos.AllowCreatePhysxBodies:1]]
[2021.11.24-00.59.09:658][  0]LogConfig: Setting CVar [[fx.SkipVectorVMBackendOptimizations:1]]
[2021.11.24-00.59.09:658][  0]LogConfig: Applying CVar settings from Section [ConsoleVariables] File [C:/Users/derri/Documents/Unreal Projects/GameOffDOA/Saved/Config/Windows/Engine.ini]
[2021.11.24-00.59.09:658][  0]LogConfig: Applying CVar settings from Section [ConsoleVariables] File [C:/Users/derri/Documents/Unreal Projects/GameOffDOA/Saved/Config/Windows/Editor.ini]
[2021.11.24-00.59.09:658][  0]LogInit: Computer: DOA
[2021.11.24-00.59.09:658][  0]LogInit: User: derri
[2021.11.24-00.59.09:658][  0]LogInit: CPU Page size=4096, Cores=6
[2021.11.24-00.59.09:658][  0]LogInit: High frequency timer resolution =10.000000 MHz
[2021.11.24-00.59.09:658][  0]LogMemory: Memory total: Physical=15.9GB (16GB approx)
[2021.11.24-00.59.09:658][  0]LogMemory: Platform Memory Stats for Windows
[2021.11.24-00.59.09:658][  0]LogMemory: Process Physical Memory: 145.56 MB used, 145.57 MB peak
[2021.11.24-00.59.09:658][  0]LogMemory: Process Virtual Memory: 131.50 MB used, 131.50 MB peak
[2021.11.24-00.59.09:658][  0]LogMemory: Physical Memory: 6796.79 MB used,  9535.57 MB free, 16332.36 MB total
[2021.11.24-00.59.09:658][  0]LogMemory: Virtual Memory: 134207872.00 MB used,  9854.17 MB free, 134217728.00 MB total
[2021.11.24-00.59.09:663][  0]LogWindows: WindowsPlatformFeatures enabled
[2021.11.24-00.59.09:685][  0]LogInit: Physics initialised using underlying interface: PhysX
[2021.11.24-00.59.09:686][  0]LogInit: Using OS detected language (en-US).
[2021.11.24-00.59.09:686][  0]LogInit: Using OS detected locale (en-US).
[2021.11.24-00.59.09:690][  0]LogTextLocalizationManager: No specific localization for 'en-US' exists, so the 'en' localization will be used.
[2021.11.24-00.59.09:911][  0]LogInit: Setting process to per monitor DPI aware
[2021.11.24-00.59.09:923][  0]LogWindowsTextInputMethodSystem: Display: IME system deactivated.
[2021.11.24-00.59.09:938][  0]LogSlate: New Slate User Created.  User Index 0, Is Virtual User: 0
[2021.11.24-00.59.09:938][  0]LogSlate: Slate User Registered.  User Index 0, Is Virtual User: 0
[2021.11.24-00.59.10:105][  0]LogD3D11RHI: Loaded GFSDK_Aftermath_Lib.x64.dll
[2021.11.24-00.59.10:109][  0]LogHMD: Failed to initialize OpenVR with code 110
[2021.11.24-00.59.10:109][  0]LogD3D11RHI: D3D11 min allowed feature level: 11_0
[2021.11.24-00.59.10:109][  0]LogD3D11RHI: D3D11 max allowed feature level: 11_0
[2021.11.24-00.59.10:109][  0]LogD3D11RHI: D3D11 adapters:
[2021.11.24-00.59.10:165][  0]LogD3D11RHI:    0. 'AMD Radeon (TM) R9 Fury Series' (Feature Level 11_0)
[2021.11.24-00.59.10:165][  0]LogD3D11RHI:       4070/0/8166 MB DedicatedVideo/DedicatedSystem/SharedSystem, Outputs:1, VendorId:0x1002
[2021.11.24-00.59.10:167][  0]LogD3D11RHI:    1. 'Microsoft Basic Render Driver' (Feature Level 11_0)
[2021.11.24-00.59.10:167][  0]LogD3D11RHI:       0/0/8166 MB DedicatedVideo/DedicatedSystem/SharedSystem, Outputs:0, VendorId:0x1414
[2021.11.24-00.59.10:167][  0]LogD3D11RHI: Chosen D3D11 Adapter:
[2021.11.24-00.59.10:167][  0]LogD3D11RHI:     Description : AMD Radeon (TM) R9 Fury Series
[2021.11.24-00.59.10:167][  0]LogD3D11RHI:     VendorId    : 1002
[2021.11.24-00.59.10:167][  0]LogD3D11RHI:     DeviceId    : 7300
[2021.11.24-00.59.10:167][  0]LogD3D11RHI:     SubSysId    : e331174b
[2021.11.24-00.59.10:167][  0]LogD3D11RHI:     Revision    : 00cb
[2021.11.24-00.59.10:167][  0]LogD3D11RHI:     DedicatedVideoMemory : 4267986944 bytes
[2021.11.24-00.59.10:168][  0]LogD3D11RHI:     DedicatedSystemMemory : 0 bytes
[2021.11.24-00.59.10:168][  0]LogD3D11RHI:     SharedSystemMemory : 8562860032 bytes
[2021.11.24-00.59.10:168][  0]LogD3D11RHI:     AdapterLuid : 0 39375
[2021.11.24-00.59.10:174][  0]LogD3D11RHI: Creating new Direct3DDevice
[2021.11.24-00.59.10:174][  0]LogD3D11RHI:     GPU DeviceId: 0x7300 (for the marketing name, search the web for "GPU Device Id")
[2021.11.24-00.59.10:174][  0]LogWindows: EnumDisplayDevices:
[2021.11.24-00.59.10:174][  0]LogWindows:    0. 'AMD Radeon (TM) R9 Fury Series' (P:1 D:1)
[2021.11.24-00.59.10:175][  0]LogWindows:    1. 'AMD Radeon (TM) R9 Fury Series' (P:0 D:0)
[2021.11.24-00.59.10:175][  0]LogWindows:    2. 'AMD Radeon (TM) R9 Fury Series' (P:0 D:0)
[2021.11.24-00.59.10:175][  0]LogWindows:    3. 'AMD Radeon (TM) R9 Fury Series' (P:0 D:0)
[2021.11.24-00.59.10:176][  0]LogWindows:    4. 'AMD Radeon (TM) R9 Fury Series' (P:0 D:0)
[2021.11.24-00.59.10:176][  0]LogWindows:    5. 'AMD Radeon (TM) R9 Fury Series' (P:0 D:0)
[2021.11.24-00.59.10:176][  0]LogWindows:    6. 'AMD Radeon (TM) R9 Fury Series' (P:0 D:0)
[2021.11.24-00.59.10:177][  0]LogWindows:    7. 'AMD Radeon (TM) R9 Fury Series' (P:0 D:0)
[2021.11.24-00.59.10:177][  0]LogWindows: DebugString: FoundDriverCount:8 
[2021.11.24-00.59.10:177][  0]LogD3D11RHI:     Adapter Name: AMD Radeon (TM) R9 Fury Series
[2021.11.24-00.59.10:177][  0]LogD3D11RHI:   Driver Version: Adrenalin 2020 21.5.2 (internal:27.20.20903.8001, unified:27.20.20903.8001)
[2021.11.24-00.59.10:177][  0]LogD3D11RHI:      Driver Date: 5-11-2021
[2021.11.24-00.59.10:177][  0]LogRHI: Texture pool is 2421 MB (70% of 3459 MB)
[2021.11.24-00.59.10:203][  0]LogD3D11RHI: Creating D3DDevice with AMD AGS, using adapter:
[2021.11.24-00.59.10:203][  0]LogD3D11RHI:     Description : AMD Radeon (TM) R9 Fury Series
[2021.11.24-00.59.10:203][  0]LogD3D11RHI:     VendorId    : 1002
[2021.11.24-00.59.10:203][  0]LogD3D11RHI:     DeviceId    : 7300
[2021.11.24-00.59.10:203][  0]LogD3D11RHI:     SubSysId    : e331174b
[2021.11.24-00.59.10:203][  0]LogD3D11RHI:     Revision    : 00cb
[2021.11.24-00.59.10:203][  0]LogD3D11RHI:     DedicatedVideoMemory : 4267986944 bytes
[2021.11.24-00.59.10:203][  0]LogD3D11RHI:     DedicatedSystemMemory : 0 bytes
[2021.11.24-00.59.10:203][  0]LogD3D11RHI:     SharedSystemMemory : 8562860032 bytes
[2021.11.24-00.59.10:203][  0]LogD3D11RHI:     AdapterLuid : 0 39375
[2021.11.24-00.59.10:241][  0]LogD3D11RHI: Created device via AGS, feature level 11_0, supported extensions 1fffffbf.
[2021.11.24-00.59.10:241][  0]LogD3D11RHI: RHI has support for 64 bit atomics
[2021.11.24-00.59.10:241][  0]LogD3D11RHI: Async texture creation enabled
[2021.11.24-00.59.10:241][  0]LogD3D11RHI: Array index from any shader is supported
[2021.11.24-00.59.10:253][  0]LogD3D11RHI: GPU Timing Frequency: 25.000000 (Debug: 2 1)
[2021.11.24-00.59.10:567][  0]LogTargetPlatformManager: Display: Loaded TargetPlatform 'AllDesktop'
[2021.11.24-00.59.10:594][  0]LogTargetPlatformManager: Display: Loaded TargetPlatform 'Android'
[2021.11.24-00.59.10:594][  0]LogTargetPlatformManager: Display: Loaded TargetPlatform 'Android_ASTC'
[2021.11.24-00.59.10:594][  0]LogTargetPlatformManager: Display: Loaded TargetPlatform 'Android_DXT'
[2021.11.24-00.59.10:594][  0]LogTargetPlatformManager: Display: Loaded TargetPlatform 'Android_ETC2'
[2021.11.24-00.59.10:594][  0]LogTargetPlatformManager: Display: Loaded TargetPlatform 'AndroidClient'
[2021.11.24-00.59.10:594][  0]LogTargetPlatformManager: Display: Loaded TargetPlatform 'Android_ASTCClient'
[2021.11.24-00.59.10:594][  0]LogTargetPlatformManager: Display: Loaded TargetPlatform 'Android_DXTClient'
[2021.11.24-00.59.10:594][  0]LogTargetPlatformManager: Display: Loaded TargetPlatform 'Android_ETC2Client'
[2021.11.24-00.59.10:594][  0]LogTargetPlatformManager: Display: Loaded TargetPlatform 'Android_Multi'
[2021.11.24-00.59.10:594][  0]LogTargetPlatformManager: Display: Loaded TargetPlatform 'Android_MultiClient'
[2021.11.24-00.59.10:615][  0]LogTargetPlatformManager: Display: Loaded TargetPlatform 'IOSClient'
[2021.11.24-00.59.10:615][  0]LogTargetPlatformManager: Display: Loaded TargetPlatform 'IOS'
[2021.11.24-00.59.10:628][  0]LogTargetPlatformManager: Display: Loaded TargetPlatform 'Linux'
[2021.11.24-00.59.10:633][  0]LogTargetPlatformManager: Display: Loaded TargetPlatform 'LinuxNoEditor'
[2021.11.24-00.59.10:639][  0]LogTargetPlatformManager: Display: Loaded TargetPlatform 'LinuxClient'
[2021.11.24-00.59.10:644][  0]LogTargetPlatformManager: Display: Loaded TargetPlatform 'LinuxServer'
[2021.11.24-00.59.10:658][  0]LogTargetPlatformManager: Display: Loaded TargetPlatform 'LinuxAArch64NoEditor'
[2021.11.24-00.59.10:663][  0]LogTargetPlatformManager: Display: Loaded TargetPlatform 'LinuxAArch64Client'
[2021.11.24-00.59.10:668][  0]LogTargetPlatformManager: Display: Loaded TargetPlatform 'LinuxAArch64Server'
[2021.11.24-00.59.10:704][  0]LogTargetPlatformManager: Display: Loaded TargetPlatform 'Lumin'
[2021.11.24-00.59.10:704][  0]LogTargetPlatformManager: Display: Loaded TargetPlatform 'LuminClient'
[2021.11.24-00.59.10:716][  0]LogTargetPlatformManager: Display: Loaded TargetPlatform 'MacNoEditor'
[2021.11.24-00.59.10:721][  0]LogTargetPlatformManager: Display: Loaded TargetPlatform 'Mac'
[2021.11.24-00.59.10:725][  0]LogTargetPlatformManager: Display: Loaded TargetPlatform 'MacClient'
[2021.11.24-00.59.10:730][  0]LogTargetPlatformManager: Display: Loaded TargetPlatform 'MacServer'
[2021.11.24-00.59.10:744][  0]LogTargetPlatformManager: Display: Loaded TargetPlatform 'TVOSClient'
[2021.11.24-00.59.10:744][  0]LogTargetPlatformManager: Display: Loaded TargetPlatform 'TVOS'
[2021.11.24-00.59.10:758][  0]LogTargetPlatformManager: Display: Loaded TargetPlatform 'WindowsNoEditor'
[2021.11.24-00.59.10:763][  0]LogTargetPlatformManager: Display: Loaded TargetPlatform 'Windows'
[2021.11.24-00.59.10:768][  0]LogTargetPlatformManager: Display: Loaded TargetPlatform 'WindowsClient'
[2021.11.24-00.59.10:774][  0]LogTargetPlatformManager: Display: Loaded TargetPlatform 'WindowsServer'
[2021.11.24-00.59.10:774][  0]LogTargetPlatformManager: Display: Building Assets For Windows
[2021.11.24-00.59.10:781][  0]LogAudioDebug: Display: Lib vorbis DLL was dynamically loaded.
[2021.11.24-00.59.10:817][  0]LogTextureFormatOodle: Display: Oodle Texture 2.9.0 init RDO Off
[2021.11.24-00.59.10:851][  0]LogRendererCore: Ray tracing is disabled. Reason: r.RayTracing=0.
[2021.11.24-00.59.10:851][  0]LogShaderCompilers: Guid format shader working directory is -17 characters bigger than the processId version (../../../../../../Users/derri/Documents/Unreal Projects/GameOffDOA/Intermediate/Shaders/WorkingDirectory/8/).
[2021.11.24-00.59.10:851][  0]LogShaderCompilers: Cleaned the shader compiler working directory 'C:/Users/derri/AppData/Local/Temp/UnrealShaderWorkingDir/007182E94C91549D4860DE9CE6F357D5/'.
[2021.11.24-00.59.10:851][  0]LogXGEController: Cannot use XGE Controller as Incredibuild is not installed on this machine.
[2021.11.24-00.59.10:852][  0]LogShaderCompilers: Cannot use XGE Shader Compiler as Incredibuild is not installed on this machine.
[2021.11.24-00.59.10:852][  0]LogShaderCompilers: Display: Using Local Shader Compiler.
[2021.11.24-00.59.11:686][  0]LogDerivedDataCache: Display: Max Cache Size: 512 MB
[2021.11.24-00.59.11:749][  0]LogDerivedDataCache: Loaded boot cache 0.06s 94MB C:/Users/derri/AppData/Local/UnrealEngine/4.27/DerivedDataCache/Boot.ddc.
[2021.11.24-00.59.11:749][  0]LogDerivedDataCache: Display: Loaded Boot cache: C:/Users/derri/AppData/Local/UnrealEngine/4.27/DerivedDataCache/Boot.ddc
[2021.11.24-00.59.11:749][  0]LogDerivedDataCache: FDerivedDataBackendGraph:  Pak pak cache file ../../../../../../Users/derri/Documents/Unreal Projects/GameOffDOA/DerivedDataCache/DDC.ddp not found, will not use a pak cache.
[2021.11.24-00.59.11:749][  0]LogDerivedDataCache: Unable to find inner node Pak for hierarchical cache Hierarchy.
[2021.11.24-00.59.11:749][  0]LogDerivedDataCache: FDerivedDataBackendGraph:  CompressedPak pak cache file ../../../../../../Users/derri/Documents/Unreal Projects/GameOffDOA/DerivedDataCache/Compressed.ddp not found, will not use a pak cache.
[2021.11.24-00.59.11:749][  0]LogDerivedDataCache: Unable to find inner node CompressedPak for hierarchical cache Hierarchy.
[2021.11.24-00.59.11:768][  0]LogDerivedDataCache: Display: Pak cache opened for reading ../../../Engine/DerivedDataCache/Compressed.ddp.
[2021.11.24-00.59.11:769][  0]LogDerivedDataCache: FDerivedDataBackendGraph:  EnterprisePak pak cache file ../../../Enterprise/DerivedDataCache/Compressed.ddp not found, will not use a pak cache.
[2021.11.24-00.59.11:769][  0]LogDerivedDataCache: Unable to find inner node EnterprisePak for hierarchical cache Hierarchy.
[2021.11.24-00.59.11:780][  0]LogDerivedDataCache: Speed tests for C:/Users/derri/AppData/Local/UnrealEngine/Common/DerivedDataCache took 0.01 seconds
[2021.11.24-00.59.11:780][  0]LogDerivedDataCache: Display: Performance to C:/Users/derri/AppData/Local/UnrealEngine/Common/DerivedDataCache: Latency=0.04ms. RandomReadSpeed=262.63MBs, RandomWriteSpeed=130.35MBs. Assigned SpeedClass 'Local'
[2021.11.24-00.59.11:781][  0]LogDerivedDataCache: Using Local data cache path C:/Users/derri/AppData/Local/UnrealEngine/Common/DerivedDataCache: Writable
[2021.11.24-00.59.11:781][  0]LogDerivedDataCache: Shared data cache path not found in *engine.ini, will not use an Shared cache.
[2021.11.24-00.59.11:781][  0]LogDerivedDataCache: Unable to find inner node Shared for hierarchical cache Hierarchy.
[2021.11.24-00.59.11:833][  0]LogSlate: Using FreeType 2.10.0
[2021.11.24-00.59.11:833][  0]LogSlate: SlateFontServices - WITH_FREETYPE: 1, WITH_HARFBUZZ: 1
[2021.11.24-00.59.11:856][  0]LogAssetRegistry: FAssetRegistry took 0.0041 seconds to start up
[2021.11.24-00.59.12:163][  0]LogInit: Selected Device Profile: [Windows]
[2021.11.24-00.59.12:163][  0]LogInit: Active device profile: [00000256775C8900][0000025676FBAFC0 49] Windows
[2021.11.24-00.59.12:163][  0]LogInit: Profiles: [00000256775C8900][0000025676FBAFC0 49] Windows, [000002567758B800][00000256773BD140 49] WindowsNoEditor, [00000256775CB500][00000256773C12C0 49] WindowsServer, [0000025677588E00][00000256773C5440 49] WindowsClient, [00000256775CB800][000002567698D5C0 49] IOS, [000002567758A800][0000025676F23740 49] iPadAir, [00000256775CA000][0000025676F638C0 49] iPadAir2, [00000256774FCA00][0000025676F6BB80 49] IPadPro, [00000256774FCB00][0000025676F67BC0 49] iPadAir3, [0000025677589900][0000025676F781C0 49] iPadAir4, [00000256774FF400][0000025676F7C340 49] iPadMini2, [000002567758AA00][00000256769904C0 49] iPadMini3, [00000256774FD700][0000025676994640 49] iPadMini4, [00000256775C9100][00000256769987C0 49] iPadMini5, [0000025677530300][00000256769A0A80 49] iPhone6, [0000025677530400][000002567699CAC0 49] iPodTouch6, [00000256774FF600][0000025676F80D00 49] iPhone7, [00000256774FD800][00000256773B8D40 49] iPodTouch7, [0000025677533F00][0000025676F74E80 49] iPhone5S, [000002567758A200][0000025676F8AFC0 49] iPhone6Plus, [00000256774FC200][0000025676F93140 49] iPhone6S, [000002567758A400][0000025676F972C0 49] iPhone6SPlus, [00000256774FFC00][0000025676F9B440 49] iPhone7Plus, [0000025677588300][000002566AFF55C0 49] iPhoneSE, [00000256774FF500][0000025676C8D740 49] iPhone8, [0000025677589E00][0000025676C818C0 49] iPhone8Plus, [00000256774FD100][0000025676C7DA40 49] iPhoneX, [0000025677588400][000002566B001BC0 49] iPhoneXS, [00000256774FD300][000002566AFFC1C0 49] iPhoneXSMax, [0000025677589400][000002566AFF8340 49] iPhoneXR, [00000256774FF800][0000025676BAC4C0 49] iPhone11, [000002567758AE00][0000025676B8C640 49] iPhone11Pro, [00000256774FF700][0000025676B907C0 49] iPhone11ProMax, [0000025677588F00][0000025676F9E940 49] iPhoneSE2, [00000256774FEE00][0000025676FA2AC0 49] iPhone12Mini, [000002567758BC00][0000025676FA6C40 49] iPhone12, [00000256774FE400][0000025676F8ED80 49] iPhone12Pro, [0000025677588700][000002566E5AEEC0 49] iPhone12ProMax, [00000256774FE300][000002566E5B3000 49] iPadPro105, [000002567758B100][000002566E5B7140 49] iPadPro129, [00000256774FE200][000002566E5BF2C0 49] iPadPro97, [0000025677588B00][000002566E5C3440 49] iPadPro2_129, [00000256774FF200][000002566E5C75C0 49] iPad5, [000002567758B400][000002566E5CB740 49] iPad6, [00000256774FF300][000002566E5CF8C0 49] iPad7, [0000025677588200][000002566E5D3A40 49] iPad8, [00000256774FDA00][000002566B23FBC0 49] iPadPro11, [0000025677589600][000002566B2421C0 49] iPadPro2_11, [00000256774FDD00][000002566B246340 49] iPadPro3_129, [000002567758B900][000002566B24A4C0 49] iPadPro4_129, [00000256774FF000][000002566B24E640 49] AppleTV, [000002567758BF00][000002566B2527C0 49] AppleTV4K, [00000256774FC100][000002566B256940 49] TVOS, [000002567758A500][000002566B25AAC0 49] Mac, [00000256774FFB00][000002566B25EC40 49] MacClient, [0000025677589B00][000002566B262DC0 49] MacNoEditor, [00000256774FEC00][000002566B266F40 49] MacServer, [0000025677588A00][000002566E5BB080 49] Linux, [00000256774FE000][000002566B26B1C0 49] LinuxAArch64, [000002567758A700][000002566B26F300 49] LinuxNoEditor, [00000256774FE500][000002566B277480 49] LinuxAArch64NoEditor, [0000025677589500][000002566B27B600 49] LinuxClient, [00000256774FF900][000002566B27F780 49] LinuxAArch64Client, [0000025677589700][000002566B283900 49] LinuxServer, [00000256774FD900][000002566B287A80 49] LinuxAArch64Server, [000002567758B700][000002566B28BC00 49] Android, [00000256774FC600][000002566B28E200 49] Android_Low, [000002567758AD00][000002566B292380 49] Android_Mid, [00000256775CBA00][000002566B296500 49] Android_High, [0000025677531C00][000002566B29A680 49] Android_Default, [00000256775CA100][000002566B29E800 49] Android_Adreno4xx, [0000025677532700][000002566B2A2980 49] Android_Adreno5xx_Low, [00000256775C8A00][000002566B2A6B00 49] Android_Adreno5xx, [0000025677532D00][000002566B2AAC80 49] Android_Adreno6xx, [00000256775C9200][000002566B2AEE00 49] Android_Adreno6xx_Vulkan, [0000025677532800][000002566B2B2F80 49] Android_Mali_T6xx, [00000256775CA600][000002566B2B7100 49] Android_Mali_T7xx, [0000025677532E00][000002566B273240 49] Android_Mali_T8xx, [00000256775CB200][000002566B2BB380 49] Android_Mali_G71, [0000025677533C00][000002566B2BF4C0 49] Android_Mali_G72, [00000256775CAA00][000002566B2C7640 49] Android_Mali_G72_Vulkan, [0000025677531B00][000002566B2CB7C0 49] Android_Mali_G76, [00000256775C9A00][000002566B2CF940 49] Android_Mali_G76_Vulkan, [0000025677532000][00000256783E1AC0 49] Android_Mali_G77, [00000256775CAD00][00000256783E40C0 49] Android_Mali_G77_Vulkan, [0000025677533800][00000256783E8240 49] Android_Mali_G78, [00000256775CA800][00000256783EC3C0 49] Android_Mali_G78_Vulkan, [0000025677531200][00000256783F0540 49] Android_Mali_G710, [00000256775C8E00][00000256783F46C0 49] Android_Mali_G710_Vulkan, [0000025677533500][00000256783F8840 49] Android_Vulkan_SM5, [00000256775CB400][00000256783FC9C0 49] Android_PowerVR_G6xxx, [0000025677532C00][0000025678400B40 49] Android_PowerVR_GT7xxx, [00000256775CBC00][0000025678404CC0 49] Android_PowerVR_GE8xxx, [0000025677530E00][0000025678408E40 49] Android_PowerVR_GM9xxx, [00000256775C9800][000002566E5D6FC0 49] Android_PowerVR_GM9xxx_Vulkan, [0000025677532400][000002566E5DB140 49] Android_TegraK1, [00000256775C9000][000002566E5DF2C0 49] Android_Unknown_Vulkan, [000002567758BA00][000002566B2C3400 49] Lumin, [00000256775C9E00][000002566E5E3540 49] Lumin_Desktop, [0000025677589C00][000002566E5E7680 49] HoloLens, 
[2021.11.24-00.59.12:293][  0]LogMeshReduction: Using QuadricMeshReduction for automatic static mesh reduction
[2021.11.24-00.59.12:294][  0]LogMeshReduction: Using SimplygonMeshReduction for automatic skeletal mesh reduction
[2021.11.24-00.59.12:294][  0]LogMeshReduction: Using ProxyLODMeshReduction for automatic mesh merging
[2021.11.24-00.59.12:294][  0]LogMeshReduction: No distributed automatic mesh merging module available
[2021.11.24-00.59.12:294][  0]LogMeshMerging: No distributed automatic mesh merging module available
[2021.11.24-00.59.12:309][  0]LogNetVersion: GameOffDOA 1.0.0, NetCL: 17155196, EngineNetVer: 17, GameNetVer: 0 (Checksum: 2056233742)
[2021.11.24-00.59.12:708][  0]LogTexture: Default maximum texture size for cubemaps generated from long-lat sources has been changed from 512 to unlimited. In order to preserve old behaiour for '/Engine/MapTemplates/Sky/DaylightAmbientCubemap.DaylightAmbientCubemap', its maximum texture size has been explicitly set to 512.
[2021.11.24-00.59.12:762][  0]LogHMD: PokeAHoleMaterial loaded successfully
[2021.11.24-00.59.12:769][  0]LogUObjectArray: 17178 objects as part of root set at end of initial load.
[2021.11.24-00.59.12:769][  0]LogUObjectAllocator: 4301856 out of 0 bytes used by permanent object pool.
[2021.11.24-00.59.12:769][  0]LogUObjectArray: CloseDisregardForGC: 0/0 objects in disregard for GC pool
[2021.11.24-00.59.13:058][  0]LogNiagaraDebuggerClient: Niagara Debugger Client Initialized | Session: 3F6AC5474D4C66FC9332A8B59816BC3A | Instance: 56DF3E0949BCE111135941A4637B613C (DOA-8).
[2021.11.24-00.59.13:182][  0]LogImageWrapper: Warning: PNG Warning: Duplicate iCCP chunk
[2021.11.24-00.59.13:183][  0]LogImageWrapper: Warning: PNG Warning: Duplicate iCCP chunk
[2021.11.24-00.59.13:183][  0]LogTcpMessaging: Initializing TcpMessaging bridge
[2021.11.24-00.59.13:192][  0]LogUdpMessaging: Initializing bridge on interface 0.0.0.0:0 to multicast group 230.0.0.1:6666.
[2021.11.24-00.59.13:206][  0]LogPython: Using Python 3.7.7
[2021.11.24-00.59.14:023][  0]SourceControl: Source control is disabled
[2021.11.24-00.59.14:023][  0]SourceControl: Source control is disabled
[2021.11.24-00.59.14:027][  0]SourceControl: Source control is disabled
[2021.11.24-00.59.14:033][  0]SourceControl: Source control is disabled
[2021.11.24-00.59.14:037][  0]SourceControl: Source control is disabled
[2021.11.24-00.59.14:039][  0]LogUProjectInfo: Found projects:
[2021.11.24-00.59.14:216][  0]LogOpenImageDenoise: OIDN starting up
[2021.11.24-00.59.14:258][  0]LogAndroidPermission: UAndroidPermissionCallbackProxy::GetInstance
[2021.11.24-00.59.14:283][  0]LogAudioCaptureCore: Display: No Audio Capture implementations found. Audio input will be silent.
[2021.11.24-00.59.14:283][  0]LogAudioCaptureCore: Display: No Audio Capture implementations found. Audio input will be silent.
[2021.11.24-00.59.14:419][  0]LogCollectionManager: Loaded 0 collections in 0.002168 seconds
[2021.11.24-00.59.14:448][  0]LogFileCache: Scanning file cache for directory 'C:/Users/derri/Documents/Unreal Projects/GameOffDOA/Saved/Collections/' took 0.00s
[2021.11.24-00.59.14:448][  0]LogFileCache: Scanning file cache for directory 'C:/Users/derri/Documents/Unreal Projects/GameOffDOA/Content/Developers/derri/Collections/' took 0.00s
[2021.11.24-00.59.14:448][  0]LogFileCache: Scanning file cache for directory 'C:/Users/derri/Documents/Unreal Projects/GameOffDOA/Content/Collections/' took 0.00s
[2021.11.24-00.59.14:448][  0]LogOcInput: OculusInput pre-init called
[2021.11.24-00.59.14:679][  0]LogImageWrapper: Warning: PNG Warning: Duplicate iCCP chunk
[2021.11.24-00.59.14:679][  0]LogImageWrapper: Warning: PNG Warning: Duplicate iCCP chunk
[2021.11.24-00.59.14:679][  0]LogEngine: Initializing Engine...
[2021.11.24-00.59.14:722][  0]LogHMD: Failed to enumerate extensions. Please check that you have a valid OpenXR runtime installed.
[2021.11.24-00.59.14:722][  0]LogHMD: Failed to initialize OpenVR with code 110
[2021.11.24-00.59.14:722][  0]LogMagicLeap: Warning: VR disabled because ZI is not enabled.  To enable, in the editor, Edit -> Project Settings -> Plugins -> Magic Leap Plugin -> Enable Zero Iteration
[2021.11.24-00.59.14:723][  0]LogStats: UGameplayTagsManager::InitializeManager -  0.000 s
[2021.11.24-00.59.14:873][  0]LogInit: Initializing FReadOnlyCVARCache
[2021.11.24-00.59.14:882][  0]LogAIModule: Creating AISystem for world Untitled
[2021.11.24-00.59.14:882][  0]LogAudio: Display: Initializing Audio Device Manager...
[2021.11.24-00.59.14:885][  0]LogAudio: Display: Loading Default Audio Settings Objects...
[2021.11.24-00.59.14:886][  0]LogAudio: Display: No default SoundConcurrencyObject specified (or failed to load).
[2021.11.24-00.59.14:886][  0]LogAudio: Display: Audio Device Manager Initialized
[2021.11.24-00.59.14:886][  0]LogAudio: Display: Creating Audio Device:                 Id: 1, Scope: Shared, Realtime: True
[2021.11.24-00.59.14:886][  0]LogAudioMixer: Display: Audio Mixer Platform Settings:
[2021.11.24-00.59.14:886][  0]LogAudioMixer: Display: 	Sample Rate:						  48000
[2021.11.24-00.59.14:887][  0]LogAudioMixer: Display: 	Callback Buffer Frame Size Requested: 1024
[2021.11.24-00.59.14:887][  0]LogAudioMixer: Display: 	Callback Buffer Frame Size To Use:	  1024
[2021.11.24-00.59.14:887][  0]LogAudioMixer: Display: 	Number of buffers to queue:			  2
[2021.11.24-00.59.14:887][  0]LogAudioMixer: Display: 	Max Channels (voices):				  32
[2021.11.24-00.59.14:887][  0]LogAudioMixer: Display: 	Number of Async Source Workers:		  0
[2021.11.24-00.59.14:887][  0]LogAudio: Display: AudioDevice MaxSources: 32
[2021.11.24-00.59.14:887][  0]LogAudio: Display: Audio Spatialization Plugin: None (built-in).
[2021.11.24-00.59.14:887][  0]LogAudio: Display: Audio Reverb Plugin: None (built-in).
[2021.11.24-00.59.14:887][  0]LogAudio: Display: Audio Occlusion Plugin: None (built-in).
[2021.11.24-00.59.14:887][  0]LogAudioMixer: Display: Initializing audio mixer.
[2021.11.24-00.59.14:900][  0]LogAudioMixer: Display: 0: FrontLeft
[2021.11.24-00.59.14:901][  0]LogAudioMixer: Display: 1: FrontRight
[2021.11.24-00.59.14:916][  0]LogAudioMixer: Display: Using Audio Device Speakers (High Definition Audio Device)
[2021.11.24-00.59.14:917][  0]LogAudioMixer: Display: Initializing Sound Submixes...
[2021.11.24-00.59.14:919][  0]LogAudioMixer: Display: Creating Master Submix 'MasterSubmixDefault'
[2021.11.24-00.59.14:919][  0]LogAudioMixer: Display: Creating Master Submix 'MasterReverbSubmixDefault'
[2021.11.24-00.59.14:920][  0]LogAudioMixer: Display: Creating Master Submix 'MasterEQSubmixDefault'
[2021.11.24-00.59.14:920][  0]LogAudioMixer: FMixerPlatformXAudio2::StartAudioStream() called
[2021.11.24-00.59.14:920][  0]LogAudioMixer: Display: Output buffers initialized: Frames=1024, Channels=2, Samples=2048
[2021.11.24-00.59.14:921][  0]LogAudioMixer: Display: Starting AudioMixerPlatformInterface::RunInternal()
[2021.11.24-00.59.14:921][  0]LogAudioMixer: Display: FMixerPlatformXAudio2::SubmitBuffer() called for the first time
[2021.11.24-00.59.14:921][  0]LogInit: FAudioDevice initialized.
[2021.11.24-00.59.14:921][  0]LogAudio: Display: Audio Device (ID: 1) registered with world 'Untitled'.
[2021.11.24-00.59.14:921][  0]LogNetVersion: Set ProjectVersion to 1.0.0.0. Version Checksum will be recalculated on next use.
[2021.11.24-00.59.15:024][  0]LogDerivedDataCache: Saved boot cache 0.10s 94MB C:/Users/derri/AppData/Local/UnrealEngine/4.27/DerivedDataCache/Boot.ddc.
[2021.11.24-00.59.15:025][  0]LogInit: Texture streaming: Enabled
[2021.11.24-00.59.15:038][  0]LogAnalytics: Display: [UEEditor.Rocket.Release] APIServer = https://datarouter.ol.epicgames.com/. AppVersion = 4.27.1-17735300+++UE4+Release-4.27
[2021.11.24-00.59.15:041][  0]LogEngineSessionManager: EngineSessionManager initialized
[2021.11.24-00.59.15:041][  0]LogEditorSessionSummary: Verbose: Initializing EditorSessionSummaryWriter for editor session tracking
[2021.11.24-00.59.15:043][  0]LogEditorSessionSummary: EditorSessionSummaryWriter initialized
[2021.11.24-00.59.15:073][  0]LogInit: Transaction tracking system initialized
[2021.11.24-00.59.15:094][  0]BlueprintLog: New page: Editor Load
[2021.11.24-00.59.15:158][  0]LocalizationService: Localization service is disabled
[2021.11.24-00.59.15:183][  0]TimingProfiler: Initialize
[2021.11.24-00.59.15:184][  0]TimingProfiler: OnSessionChanged
[2021.11.24-00.59.15:184][  0]LoadingProfiler: Initialize
[2021.11.24-00.59.15:184][  0]LoadingProfiler: OnSessionChanged
[2021.11.24-00.59.15:184][  0]NetworkingProfiler: Initialize
[2021.11.24-00.59.15:184][  0]NetworkingProfiler: OnSessionChanged
[2021.11.24-00.59.15:184][  0]MemoryProfiler: Initialize
[2021.11.24-00.59.15:184][  0]MemoryProfiler: OnSessionChanged
[2021.11.24-00.59.15:352][  0]LogCook: Display: CookSettings for Memory: MemoryMaxUsedVirtual 0MiB, MemoryMaxUsedPhysical 16384MiB, MemoryMinFreeVirtual 0MiB, MemoryMinFreePhysical 1024MiB
[2021.11.24-00.59.15:352][  0]LogCook: Display: Mobile HDR setting 1
[2021.11.24-00.59.15:554][  0]LogFileCache: Scanning file cache for directory 'C:/Users/derri/Documents/Unreal Projects/GameOffDOA/Content/' took 0.01s
[2021.11.24-00.59.15:744][  0]LogImageWrapper: Warning: PNG Warning: Duplicate iCCP chunk
[2021.11.24-00.59.15:744][  0]LogImageWrapper: Warning: PNG Warning: Duplicate iCCP chunk
[2021.11.24-00.59.15:744][  0]LogInit: Display: Engine is initialized. Leaving FEngineLoop::Init()
[2021.11.24-00.59.15:747][  0]SourceControl: Source control is disabled
[2021.11.24-00.59.15:747][  0]LogUnrealEdMisc: Loading editor; pre map load, took 7.419
[2021.11.24-00.59.15:747][  0]Cmd: MAP LOAD FILE="../../../../../../Users/derri/Documents/Unreal Projects/GameOffDOA/Content/LevelGeneration/GameStart.umap" TEMPLATE=0 SHOWPROGRESS=1 FEATURELEVEL=3
[2021.11.24-00.59.15:748][  0]LogEditorServer: Warning: Can't find file '../../../../../../Users/derri/Documents/Unreal Projects/GameOffDOA/Content/LevelGeneration/GameStart.umap'
[2021.11.24-00.59.15:748][  0]Cmd: MAP CHECKDEP NOCLEARLOG
[2021.11.24-00.59.15:748][  0]MapCheck: Map check complete: 0 Error(s), 0 Warning(s), took 0.224ms to complete.
[2021.11.24-00.59.15:748][  0]LogFileHelpers: Loading map 'GameStart' took 0.001
[2021.11.24-00.59.15:750][  0]LogUnrealEdMisc: Total Editor Startup Time, took 7.422
[2021.11.24-00.59.15:882][  0]LogSlate: Updating window title bar state: overlay mode, drag disabled, window buttons hidden, title bar hidden
[2021.11.24-00.59.15:889][  0]LogSlate: Updating window title bar state: overlay mode, drag disabled, window buttons hidden, title bar hidden
[2021.11.24-00.59.15:896][  0]LogSlate: Updating window title bar state: overlay mode, drag disabled, window buttons hidden, title bar hidden
[2021.11.24-00.59.15:903][  0]LogSlate: Updating window title bar state: overlay mode, drag disabled, window buttons hidden, title bar hidden
[2021.11.24-00.59.15:925][  0]LogNativeClassHierarchy: Verbose: Native class hierarchy populated in 0.0117 seconds. Added 3822 classes and 928 folders.
[2021.11.24-00.59.15:928][  0]LogNativeClassHierarchy: Verbose: Native class hierarchy updated for 'WidgetCarousel' in 0.0003 seconds. Added 0 classes and 0 folders.
[2021.11.24-00.59.15:936][  0]LogPakFile: PakFile PrimaryIndexSize=187
[2021.11.24-00.59.15:936][  0]LogPakFile: PakFile PathHashIndexSize=101
[2021.11.24-00.59.15:936][  0]LogPakFile: PakFile FullDirectoryIndexSize=148
[2021.11.24-00.59.15:936][  0]LogShaderLibrary: Display: ShaderCodeLibraryPakFileMountedCallback: PakFile 'C:/Program Files/Epic Games/UE_4.27/FeaturePacks/FP_FirstPerson.upack' (chunk index -1, root 'root:/') mounted
[2021.11.24-00.59.15:936][  0]LogShaderLibrary: Display: ShaderCodeLibraryPakFileMountedCallback: pending pak file info (ChunkID:-1 Root:root:/ File:C:/Program Files/Epic Games/UE_4.27/FeaturePacks/FP_FirstPerson.upack)
[2021.11.24-00.59.15:936][  0]LogPakFile: OnPakFileMounted2Time == 0.000067
[2021.11.24-00.59.15:944][  0]LogPakFile: PakFile PrimaryIndexSize=189
[2021.11.24-00.59.15:944][  0]LogPakFile: PakFile PathHashIndexSize=101
[2021.11.24-00.59.15:944][  0]LogPakFile: PakFile FullDirectoryIndexSize=152
[2021.11.24-00.59.15:944][  0]LogShaderLibrary: Display: ShaderCodeLibraryPakFileMountedCallback: PakFile 'C:/Program Files/Epic Games/UE_4.27/FeaturePacks/FP_FirstPersonBP.upack' (chunk index -1, root 'root:/') mounted
[2021.11.24-00.59.15:944][  0]LogShaderLibrary: Display: ShaderCodeLibraryPakFileMountedCallback: pending pak file info (ChunkID:-1 Root:root:/ File:C:/Program Files/Epic Games/UE_4.27/FeaturePacks/FP_FirstPersonBP.upack)
[2021.11.24-00.59.15:944][  0]LogPakFile: OnPakFileMounted2Time == 0.000057
[2021.11.24-00.59.15:950][  0]LogPakFile: PakFile PrimaryIndexSize=191
[2021.11.24-00.59.15:950][  0]LogPakFile: PakFile PathHashIndexSize=101
[2021.11.24-00.59.15:950][  0]LogPakFile: PakFile FullDirectoryIndexSize=160
[2021.11.24-00.59.15:950][  0]LogShaderLibrary: Display: ShaderCodeLibraryPakFileMountedCallback: PakFile 'C:/Program Files/Epic Games/UE_4.27/FeaturePacks/MobileStarterContent.upack' (chunk index -1, root 'root:/') mounted
[2021.11.24-00.59.15:950][  0]LogShaderLibrary: Display: ShaderCodeLibraryPakFileMountedCallback: pending pak file info (ChunkID:-1 Root:root:/ File:C:/Program Files/Epic Games/UE_4.27/FeaturePacks/MobileStarterContent.upack)
[2021.11.24-00.59.15:950][  0]LogPakFile: OnPakFileMounted2Time == 0.000048
[2021.11.24-00.59.15:956][  0]LogPakFile: PakFile PrimaryIndexSize=185
[2021.11.24-00.59.15:956][  0]LogPakFile: PakFile PathHashIndexSize=101
[2021.11.24-00.59.15:956][  0]LogPakFile: PakFile FullDirectoryIndexSize=148
[2021.11.24-00.59.15:956][  0]LogShaderLibrary: Display: ShaderCodeLibraryPakFileMountedCallback: PakFile 'C:/Program Files/Epic Games/UE_4.27/FeaturePacks/StarterContent.upack' (chunk index -1, root 'root:/') mounted
[2021.11.24-00.59.15:956][  0]LogShaderLibrary: Display: ShaderCodeLibraryPakFileMountedCallback: pending pak file info (ChunkID:-1 Root:root:/ File:C:/Program Files/Epic Games/UE_4.27/FeaturePacks/StarterContent.upack)
[2021.11.24-00.59.15:956][  0]LogPakFile: OnPakFileMounted2Time == 0.000056
[2021.11.24-00.59.15:962][  0]LogPakFile: PakFile PrimaryIndexSize=190
[2021.11.24-00.59.15:962][  0]LogPakFile: PakFile PathHashIndexSize=101
[2021.11.24-00.59.15:962][  0]LogPakFile: PakFile FullDirectoryIndexSize=154
[2021.11.24-00.59.15:962][  0]LogShaderLibrary: Display: ShaderCodeLibraryPakFileMountedCallback: PakFile 'C:/Program Files/Epic Games/UE_4.27/FeaturePacks/TP_2DSideScroller.upack' (chunk index -1, root 'root:/') mounted
[2021.11.24-00.59.15:962][  0]LogShaderLibrary: Display: ShaderCodeLibraryPakFileMountedCallback: pending pak file info (ChunkID:-1 Root:root:/ File:C:/Program Files/Epic Games/UE_4.27/FeaturePacks/TP_2DSideScroller.upack)
[2021.11.24-00.59.15:962][  0]LogPakFile: OnPakFileMounted2Time == 0.000047
[2021.11.24-00.59.15:968][  0]LogPakFile: PakFile PrimaryIndexSize=192
[2021.11.24-00.59.15:968][  0]LogPakFile: PakFile PathHashIndexSize=101
[2021.11.24-00.59.15:968][  0]LogPakFile: PakFile FullDirectoryIndexSize=158
[2021.11.24-00.59.15:968][  0]LogShaderLibrary: Display: ShaderCodeLibraryPakFileMountedCallback: PakFile 'C:/Program Files/Epic Games/UE_4.27/FeaturePacks/TP_2DSideScrollerBP.upack' (chunk index -1, root 'root:/') mounted
[2021.11.24-00.59.15:968][  0]LogShaderLibrary: Display: ShaderCodeLibraryPakFileMountedCallback: pending pak file info (ChunkID:-1 Root:root:/ File:C:/Program Files/Epic Games/UE_4.27/FeaturePacks/TP_2DSideScrollerBP.upack)
[2021.11.24-00.59.15:968][  0]LogPakFile: OnPakFileMounted2Time == 0.000051
[2021.11.24-00.59.15:974][  0]LogPakFile: PakFile PrimaryIndexSize=182
[2021.11.24-00.59.15:974][  0]LogPakFile: PakFile PathHashIndexSize=101
[2021.11.24-00.59.15:974][  0]LogPakFile: PakFile FullDirectoryIndexSize=138
[2021.11.24-00.59.15:974][  0]LogShaderLibrary: Display: ShaderCodeLibraryPakFileMountedCallback: PakFile 'C:/Program Files/Epic Games/UE_4.27/FeaturePacks/TP_Flying.upack' (chunk index -1, root 'root:/') mounted
[2021.11.24-00.59.15:974][  0]LogShaderLibrary: Display: ShaderCodeLibraryPakFileMountedCallback: pending pak file info (ChunkID:-1 Root:root:/ File:C:/Program Files/Epic Games/UE_4.27/FeaturePacks/TP_Flying.upack)
[2021.11.24-00.59.15:974][  0]LogPakFile: OnPakFileMounted2Time == 0.000045
[2021.11.24-00.59.15:980][  0]LogPakFile: PakFile PrimaryIndexSize=184
[2021.11.24-00.59.15:980][  0]LogPakFile: PakFile PathHashIndexSize=101
[2021.11.24-00.59.15:980][  0]LogPakFile: PakFile FullDirectoryIndexSize=142
[2021.11.24-00.59.15:980][  0]LogShaderLibrary: Display: ShaderCodeLibraryPakFileMountedCallback: PakFile 'C:/Program Files/Epic Games/UE_4.27/FeaturePacks/TP_FlyingBP.upack' (chunk index -1, root 'root:/') mounted
[2021.11.24-00.59.15:980][  0]LogShaderLibrary: Display: ShaderCodeLibraryPakFileMountedCallback: pending pak file info (ChunkID:-1 Root:root:/ File:C:/Program Files/Epic Games/UE_4.27/FeaturePacks/TP_FlyingBP.upack)
[2021.11.24-00.59.15:980][  0]LogPakFile: OnPakFileMounted2Time == 0.000045
[2021.11.24-00.59.15:987][  0]LogPakFile: PakFile PrimaryIndexSize=188
[2021.11.24-00.59.15:987][  0]LogPakFile: PakFile PathHashIndexSize=101
[2021.11.24-00.59.15:987][  0]LogPakFile: PakFile FullDirectoryIndexSize=150
[2021.11.24-00.59.15:987][  0]LogShaderLibrary: Display: ShaderCodeLibraryPakFileMountedCallback: PakFile 'C:/Program Files/Epic Games/UE_4.27/FeaturePacks/TP_HandheldARBP.upack' (chunk index -1, root 'root:/') mounted
[2021.11.24-00.59.15:987][  0]LogShaderLibrary: Display: ShaderCodeLibraryPakFileMountedCallback: pending pak file info (ChunkID:-1 Root:root:/ File:C:/Program Files/Epic Games/UE_4.27/FeaturePacks/TP_HandheldARBP.upack)
[2021.11.24-00.59.15:987][  0]LogPakFile: OnPakFileMounted2Time == 0.000052
[2021.11.24-00.59.15:993][  0]LogPakFile: PakFile PrimaryIndexSize=182
[2021.11.24-00.59.15:993][  0]LogPakFile: PakFile PathHashIndexSize=101
[2021.11.24-00.59.15:993][  0]LogPakFile: PakFile FullDirectoryIndexSize=138
[2021.11.24-00.59.15:993][  0]LogShaderLibrary: Display: ShaderCodeLibraryPakFileMountedCallback: PakFile 'C:/Program Files/Epic Games/UE_4.27/FeaturePacks/TP_Puzzle.upack' (chunk index -1, root 'root:/') mounted
[2021.11.24-00.59.15:993][  0]LogShaderLibrary: Display: ShaderCodeLibraryPakFileMountedCallback: pending pak file info (ChunkID:-1 Root:root:/ File:C:/Program Files/Epic Games/UE_4.27/FeaturePacks/TP_Puzzle.upack)
[2021.11.24-00.59.15:993][  0]LogPakFile: OnPakFileMounted2Time == 0.000048
[2021.11.24-00.59.15:999][  0]LogPakFile: PakFile PrimaryIndexSize=184
[2021.11.24-00.59.15:999][  0]LogPakFile: PakFile PathHashIndexSize=101
[2021.11.24-00.59.15:999][  0]LogPakFile: PakFile FullDirectoryIndexSize=142
[2021.11.24-00.59.15:999][  0]LogShaderLibrary: Display: ShaderCodeLibraryPakFileMountedCallback: PakFile 'C:/Program Files/Epic Games/UE_4.27/FeaturePacks/TP_PuzzleBP.upack' (chunk index -1, root 'root:/') mounted
[2021.11.24-00.59.15:999][  0]LogShaderLibrary: Display: ShaderCodeLibraryPakFileMountedCallback: pending pak file info (ChunkID:-1 Root:root:/ File:C:/Program Files/Epic Games/UE_4.27/FeaturePacks/TP_PuzzleBP.upack)
[2021.11.24-00.59.15:999][  0]LogPakFile: OnPakFileMounted2Time == 0.000045
[2021.11.24-00.59.16:005][  0]LogPakFile: PakFile PrimaryIndexSize=183
[2021.11.24-00.59.16:005][  0]LogPakFile: PakFile PathHashIndexSize=101
[2021.11.24-00.59.16:005][  0]LogPakFile: PakFile FullDirectoryIndexSize=140
[2021.11.24-00.59.16:005][  0]LogShaderLibrary: Display: ShaderCodeLibraryPakFileMountedCallback: PakFile 'C:/Program Files/Epic Games/UE_4.27/FeaturePacks/TP_Rolling.upack' (chunk index -1, root 'root:/') mounted
[2021.11.24-00.59.16:005][  0]LogShaderLibrary: Display: ShaderCodeLibraryPakFileMountedCallback: pending pak file info (ChunkID:-1 Root:root:/ File:C:/Program Files/Epic Games/UE_4.27/FeaturePacks/TP_Rolling.upack)
[2021.11.24-00.59.16:005][  0]LogPakFile: OnPakFileMounted2Time == 0.000048
[2021.11.24-00.59.16:010][  0]LogPakFile: PakFile PrimaryIndexSize=185
[2021.11.24-00.59.16:010][  0]LogPakFile: PakFile PathHashIndexSize=101
[2021.11.24-00.59.16:010][  0]LogPakFile: PakFile FullDirectoryIndexSize=144
[2021.11.24-00.59.16:010][  0]LogShaderLibrary: Display: ShaderCodeLibraryPakFileMountedCallback: PakFile 'C:/Program Files/Epic Games/UE_4.27/FeaturePacks/TP_RollingBP.upack' (chunk index -1, root 'root:/') mounted
[2021.11.24-00.59.16:010][  0]LogShaderLibrary: Display: ShaderCodeLibraryPakFileMountedCallback: pending pak file info (ChunkID:-1 Root:root:/ File:C:/Program Files/Epic Games/UE_4.27/FeaturePacks/TP_RollingBP.upack)
[2021.11.24-00.59.16:010][  0]LogPakFile: OnPakFileMounted2Time == 0.000045
[2021.11.24-00.59.16:016][  0]LogPakFile: PakFile PrimaryIndexSize=188
[2021.11.24-00.59.16:016][  0]LogPakFile: PakFile PathHashIndexSize=101
[2021.11.24-00.59.16:016][  0]LogPakFile: PakFile FullDirectoryIndexSize=150
[2021.11.24-00.59.16:016][  0]LogShaderLibrary: Display: ShaderCodeLibraryPakFileMountedCallback: PakFile 'C:/Program Files/Epic Games/UE_4.27/FeaturePacks/TP_SideScroller.upack' (chunk index -1, root 'root:/') mounted
[2021.11.24-00.59.16:016][  0]LogShaderLibrary: Display: ShaderCodeLibraryPakFileMountedCallback: pending pak file info (ChunkID:-1 Root:root:/ File:C:/Program Files/Epic Games/UE_4.27/FeaturePacks/TP_SideScroller.upack)
[2021.11.24-00.59.16:016][  0]LogPakFile: OnPakFileMounted2Time == 0.000046
[2021.11.24-00.59.16:022][  0]LogPakFile: PakFile PrimaryIndexSize=190
[2021.11.24-00.59.16:022][  0]LogPakFile: PakFile PathHashIndexSize=101
[2021.11.24-00.59.16:022][  0]LogPakFile: PakFile FullDirectoryIndexSize=154
[2021.11.24-00.59.16:022][  0]LogShaderLibrary: Display: ShaderCodeLibraryPakFileMountedCallback: PakFile 'C:/Program Files/Epic Games/UE_4.27/FeaturePacks/TP_SideScrollerBP.upack' (chunk index -1, root 'root:/') mounted
[2021.11.24-00.59.16:022][  0]LogShaderLibrary: Display: ShaderCodeLibraryPakFileMountedCallback: pending pak file info (ChunkID:-1 Root:root:/ File:C:/Program Files/Epic Games/UE_4.27/FeaturePacks/TP_SideScrollerBP.upack)
[2021.11.24-00.59.16:022][  0]LogPakFile: OnPakFileMounted2Time == 0.000051
[2021.11.24-00.59.16:027][  0]LogPakFile: PakFile PrimaryIndexSize=187
[2021.11.24-00.59.16:027][  0]LogPakFile: PakFile PathHashIndexSize=101
[2021.11.24-00.59.16:027][  0]LogPakFile: PakFile FullDirectoryIndexSize=148
[2021.11.24-00.59.16:027][  0]LogShaderLibrary: Display: ShaderCodeLibraryPakFileMountedCallback: PakFile 'C:/Program Files/Epic Games/UE_4.27/FeaturePacks/TP_ThirdPerson.upack' (chunk index -1, root 'root:/') mounted
[2021.11.24-00.59.16:027][  0]LogShaderLibrary: Display: ShaderCodeLibraryPakFileMountedCallback: pending pak file info (ChunkID:-1 Root:root:/ File:C:/Program Files/Epic Games/UE_4.27/FeaturePacks/TP_ThirdPerson.upack)
[2021.11.24-00.59.16:027][  0]LogPakFile: OnPakFileMounted2Time == 0.000047
[2021.11.24-00.59.16:033][  0]LogPakFile: PakFile PrimaryIndexSize=189
[2021.11.24-00.59.16:033][  0]LogPakFile: PakFile PathHashIndexSize=101
[2021.11.24-00.59.16:033][  0]LogPakFile: PakFile FullDirectoryIndexSize=152
[2021.11.24-00.59.16:033][  0]LogShaderLibrary: Display: ShaderCodeLibraryPakFileMountedCallback: PakFile 'C:/Program Files/Epic Games/UE_4.27/FeaturePacks/TP_ThirdPersonBP.upack' (chunk index -1, root 'root:/') mounted
[2021.11.24-00.59.16:033][  0]LogShaderLibrary: Display: ShaderCodeLibraryPakFileMountedCallback: pending pak file info (ChunkID:-1 Root:root:/ File:C:/Program Files/Epic Games/UE_4.27/FeaturePacks/TP_ThirdPersonBP.upack)
[2021.11.24-00.59.16:033][  0]LogPakFile: OnPakFileMounted2Time == 0.000049
[2021.11.24-00.59.16:039][  0]LogPakFile: PakFile PrimaryIndexSize=183
[2021.11.24-00.59.16:039][  0]LogPakFile: PakFile PathHashIndexSize=101
[2021.11.24-00.59.16:039][  0]LogPakFile: PakFile FullDirectoryIndexSize=140
[2021.11.24-00.59.16:039][  0]LogShaderLibrary: Display: ShaderCodeLibraryPakFileMountedCallback: PakFile 'C:/Program Files/Epic Games/UE_4.27/FeaturePacks/TP_TopDown.upack' (chunk index -1, root 'root:/') mounted
[2021.11.24-00.59.16:039][  0]LogShaderLibrary: Display: ShaderCodeLibraryPakFileMountedCallback: pending pak file info (ChunkID:-1 Root:root:/ File:C:/Program Files/Epic Games/UE_4.27/FeaturePacks/TP_TopDown.upack)
[2021.11.24-00.59.16:039][  0]LogPakFile: OnPakFileMounted2Time == 0.000056
[2021.11.24-00.59.16:046][  0]LogPakFile: PakFile PrimaryIndexSize=185
[2021.11.24-00.59.16:046][  0]LogPakFile: PakFile PathHashIndexSize=101
[2021.11.24-00.59.16:046][  0]LogPakFile: PakFile FullDirectoryIndexSize=144
[2021.11.24-00.59.16:046][  0]LogShaderLibrary: Display: ShaderCodeLibraryPakFileMountedCallback: PakFile 'C:/Program Files/Epic Games/UE_4.27/FeaturePacks/TP_TopDownBP.upack' (chunk index -1, root 'root:/') mounted
[2021.11.24-00.59.16:046][  0]LogShaderLibrary: Display: ShaderCodeLibraryPakFileMountedCallback: pending pak file info (ChunkID:-1 Root:root:/ File:C:/Program Files/Epic Games/UE_4.27/FeaturePacks/TP_TopDownBP.upack)
[2021.11.24-00.59.16:046][  0]LogPakFile: OnPakFileMounted2Time == 0.000045
[2021.11.24-00.59.16:055][  0]LogPakFile: PakFile PrimaryIndexSize=185
[2021.11.24-00.59.16:055][  0]LogPakFile: PakFile PathHashIndexSize=101
[2021.11.24-00.59.16:055][  0]LogPakFile: PakFile FullDirectoryIndexSize=144
[2021.11.24-00.59.16:055][  0]LogShaderLibrary: Display: ShaderCodeLibraryPakFileMountedCallback: PakFile 'C:/Program Files/Epic Games/UE_4.27/FeaturePacks/TP_TwinStick.upack' (chunk index -1, root 'root:/') mounted
[2021.11.24-00.59.16:055][  0]LogShaderLibrary: Display: ShaderCodeLibraryPakFileMountedCallback: pending pak file info (ChunkID:-1 Root:root:/ File:C:/Program Files/Epic Games/UE_4.27/FeaturePacks/TP_TwinStick.upack)
[2021.11.24-00.59.16:055][  0]LogPakFile: OnPakFileMounted2Time == 0.000047
[2021.11.24-00.59.16:061][  0]LogPakFile: PakFile PrimaryIndexSize=187
[2021.11.24-00.59.16:061][  0]LogPakFile: PakFile PathHashIndexSize=101
[2021.11.24-00.59.16:061][  0]LogPakFile: PakFile FullDirectoryIndexSize=148
[2021.11.24-00.59.16:061][  0]LogShaderLibrary: Display: ShaderCodeLibraryPakFileMountedCallback: PakFile 'C:/Program Files/Epic Games/UE_4.27/FeaturePacks/TP_TwinStickBP.upack' (chunk index -1, root 'root:/') mounted
[2021.11.24-00.59.16:061][  0]LogShaderLibrary: Display: ShaderCodeLibraryPakFileMountedCallback: pending pak file info (ChunkID:-1 Root:root:/ File:C:/Program Files/Epic Games/UE_4.27/FeaturePacks/TP_TwinStickBP.upack)
[2021.11.24-00.59.16:061][  0]LogPakFile: OnPakFileMounted2Time == 0.000046
[2021.11.24-00.59.16:067][  0]LogPakFile: PakFile PrimaryIndexSize=183
[2021.11.24-00.59.16:067][  0]LogPakFile: PakFile PathHashIndexSize=101
[2021.11.24-00.59.16:067][  0]LogPakFile: PakFile FullDirectoryIndexSize=140
[2021.11.24-00.59.16:067][  0]LogShaderLibrary: Display: ShaderCodeLibraryPakFileMountedCallback: PakFile 'C:/Program Files/Epic Games/UE_4.27/FeaturePacks/TP_Vehicle.upack' (chunk index -1, root 'root:/') mounted
[2021.11.24-00.59.16:067][  0]LogShaderLibrary: Display: ShaderCodeLibraryPakFileMountedCallback: pending pak file info (ChunkID:-1 Root:root:/ File:C:/Program Files/Epic Games/UE_4.27/FeaturePacks/TP_Vehicle.upack)
[2021.11.24-00.59.16:068][  0]LogPakFile: OnPakFileMounted2Time == 0.000118
[2021.11.24-00.59.16:074][  0]LogPakFile: PakFile PrimaryIndexSize=186
[2021.11.24-00.59.16:074][  0]LogPakFile: PakFile PathHashIndexSize=101
[2021.11.24-00.59.16:074][  0]LogPakFile: PakFile FullDirectoryIndexSize=146
[2021.11.24-00.59.16:074][  0]LogShaderLibrary: Display: ShaderCodeLibraryPakFileMountedCallback: PakFile 'C:/Program Files/Epic Games/UE_4.27/FeaturePacks/TP_VehicleAdv.upack' (chunk index -1, root 'root:/') mounted
[2021.11.24-00.59.16:074][  0]LogShaderLibrary: Display: ShaderCodeLibraryPakFileMountedCallback: pending pak file info (ChunkID:-1 Root:root:/ File:C:/Program Files/Epic Games/UE_4.27/FeaturePacks/TP_VehicleAdv.upack)
[2021.11.24-00.59.16:074][  0]LogPakFile: OnPakFileMounted2Time == 0.000049
[2021.11.24-00.59.16:079][  0]LogPakFile: PakFile PrimaryIndexSize=188
[2021.11.24-00.59.16:079][  0]LogPakFile: PakFile PathHashIndexSize=101
[2021.11.24-00.59.16:079][  0]LogPakFile: PakFile FullDirectoryIndexSize=150
[2021.11.24-00.59.16:079][  0]LogShaderLibrary: Display: ShaderCodeLibraryPakFileMountedCallback: PakFile 'C:/Program Files/Epic Games/UE_4.27/FeaturePacks/TP_VehicleAdvBP.upack' (chunk index -1, root 'root:/') mounted
[2021.11.24-00.59.16:079][  0]LogShaderLibrary: Display: ShaderCodeLibraryPakFileMountedCallback: pending pak file info (ChunkID:-1 Root:root:/ File:C:/Program Files/Epic Games/UE_4.27/FeaturePacks/TP_VehicleAdvBP.upack)
[2021.11.24-00.59.16:079][  0]LogPakFile: OnPakFileMounted2Time == 0.000047
[2021.11.24-00.59.16:085][  0]LogPakFile: PakFile PrimaryIndexSize=185
[2021.11.24-00.59.16:085][  0]LogPakFile: PakFile PathHashIndexSize=101
[2021.11.24-00.59.16:085][  0]LogPakFile: PakFile FullDirectoryIndexSize=144
[2021.11.24-00.59.16:085][  0]LogShaderLibrary: Display: ShaderCodeLibraryPakFileMountedCallback: PakFile 'C:/Program Files/Epic Games/UE_4.27/FeaturePacks/TP_VehicleBP.upack' (chunk index -1, root 'root:/') mounted
[2021.11.24-00.59.16:085][  0]LogShaderLibrary: Display: ShaderCodeLibraryPakFileMountedCallback: pending pak file info (ChunkID:-1 Root:root:/ File:C:/Program Files/Epic Games/UE_4.27/FeaturePacks/TP_VehicleBP.upack)
[2021.11.24-00.59.16:085][  0]LogPakFile: OnPakFileMounted2Time == 0.000045
[2021.11.24-00.59.16:091][  0]LogPakFile: PakFile PrimaryIndexSize=192
[2021.11.24-00.59.16:091][  0]LogPakFile: PakFile PathHashIndexSize=101
[2021.11.24-00.59.16:091][  0]LogPakFile: PakFile FullDirectoryIndexSize=158
[2021.11.24-00.59.16:091][  0]LogShaderLibrary: Display: ShaderCodeLibraryPakFileMountedCallback: PakFile 'C:/Program Files/Epic Games/UE_4.27/FeaturePacks/TP_VirtualRealityBP.upack' (chunk index -1, root 'root:/') mounted
[2021.11.24-00.59.16:091][  0]LogShaderLibrary: Display: ShaderCodeLibraryPakFileMountedCallback: pending pak file info (ChunkID:-1 Root:root:/ File:C:/Program Files/Epic Games/UE_4.27/FeaturePacks/TP_VirtualRealityBP.upack)
[2021.11.24-00.59.16:091][  0]LogPakFile: OnPakFileMounted2Time == 0.000051
[2021.11.24-00.59.16:277][  0]LogNativeClassHierarchy: Verbose: Native class hierarchy updated for 'AddContentDialog' in 0.0004 seconds. Added 0 classes and 0 folders.
[2021.11.24-00.59.16:346][  0]LogSlate: Took 0.000189 seconds to synchronously load lazily loaded font '../../../Engine/Content/Slate/Fonts/Roboto-Regular.ttf' (155K)
[2021.11.24-00.59.16:353][  0]LogSlate: Took 0.005384 seconds to synchronously load lazily loaded font '../../../Engine/Content/Editor/Slate/Fonts/FontAwesome.ttf' (139K)
[2021.11.24-00.59.16:356][  0]LogSlate: Took 0.000179 seconds to synchronously load lazily loaded font '../../../Engine/Content/Slate/Fonts/Roboto-Bold.ttf' (160K)
[2021.11.24-00.59.16:463][  0]LogRenderer: Reallocating scene render targets to support 1004x544 Format 10 NumSamples 1 (Frame:1).
[2021.11.24-00.59.16:540][  0]LogNativeClassHierarchy: Verbose: Native class hierarchy updated for 'HierarchicalLODOutliner' in 0.0003 seconds. Added 0 classes and 0 folders.
[2021.11.24-00.59.16:540][  0]LogLoad: (Engine Initialization) Total time: 8.21 seconds
[2021.11.24-00.59.16:540][  0]LogLoad: (Engine Initialization) Total Blueprint compile time: 0.00 seconds
[2021.11.24-00.59.16:588][  0]LogAssetRegistry: Asset discovery search completed in 4.7326 seconds
[2021.11.24-00.59.16:594][  0]LogCollectionManager: Fixed up redirectors for 0 collections in 0.000004 seconds (updated 0 objects)
[2021.11.24-00.59.16:596][  0]LogContentStreaming: Texture pool size now 1000 MB
[2021.11.24-00.59.16:673][  5]LogSlate: Took 0.004920 seconds to synchronously load lazily loaded font '../../../Engine/Content/Slate/Fonts/Roboto-Light.ttf' (167K)
[2021.11.24-00.59.17:553][109]LogSlate: Took 0.000260 seconds to synchronously load lazily loaded font '../../../Engine/Content/Slate/Fonts/Roboto-Light.ttf' (167K)
[2021.11.24-01.00.20:263][583]LogAssetEditorSubsystem: Opening Asset editor for Blueprint /Game/Room_BP/Room1_NWES.Room1_NWES
[2021.11.24-01.00.21:041][583]LogNativeClassHierarchy: Verbose: Native class hierarchy updated for 'BlueprintGraph' in 0.0006 seconds. Added 126 classes and 0 folders.
[2021.11.24-01.00.22:123][583]LogSlate: Took 0.000202 seconds to synchronously load lazily loaded font '../../../Engine/Content/Slate/Fonts/Roboto-BoldCondensed.ttf' (158K)
